Traceback (most recent call last):
  File "/home/ec2-user/autoflipp.online/flask-server/_MERCEDES_SEARCH.py", line 20, in <module>
    service = Service(ChromeDriverManager().install())
  File "/home/ec2-user/autoflipp.online/flask-server/venv/lib64/python3.9/site-packages/webdriver_manager/chrome.py", line 40, in install
    driver_path = self._get_driver_binary_path(self.driver)
  File "/home/ec2-user/autoflipp.online/flask-server/venv/lib64/python3.9/site-packages/webdriver_manager/core/manager.py", line 41, in _get_driver_binary_path
    binary_path = self._cache_manager.save_file_to_cache(driver, file)
  File "/home/ec2-user/autoflipp.online/flask-server/venv/lib64/python3.9/site-packages/webdriver_manager/core/driver_cache.py", line 54, in save_file_to_cache
    files = self.unpack_archive(archive, path)
  File "/home/ec2-user/autoflipp.online/flask-server/venv/lib64/python3.9/site-packages/webdriver_manager/core/driver_cache.py", line 49, in unpack_archive
    return self._file_manager.unpack_archive(archive, path)
  File "/home/ec2-user/autoflipp.online/flask-server/venv/lib64/python3.9/site-packages/webdriver_manager/core/file_manager.py", line 57, in unpack_archive
    return self.__extract_zip(archive_file, target_dir)
  File "/home/ec2-user/autoflipp.online/flask-server/venv/lib64/python3.9/site-packages/webdriver_manager/core/file_manager.py", line 63, in __extract_zip
    archive = zip_class(archive_file.file_path)
  File "/usr/lib64/python3.9/zipfile.py", line 1268, in __init__
    self._RealGetContents()
  File "/usr/lib64/python3.9/zipfile.py", line 1335, in _RealGetContents
    raise BadZipFile("File is not a zip file")
zipfile.BadZipFile: File is not a zip file
Button not found in this iframe, continuing to next iframe: Message: 
Stacktrace:
#0 0x55f008a15c7a <unknown>
#1 0x55f0086f8e2c <unknown>
#2 0x55f008745661 <unknown>
#3 0x55f008745751 <unknown>
#4 0x55f008789f64 <unknown>
#5 0x55f0087685ed <unknown>
#6 0x55f008787303 <unknown>
#7 0x55f008768363 <unknown>
#8 0x55f008738247 <unknown>
#9 0x55f008738b9e <unknown>
#10 0x55f0089dc24b <unknown>
#11 0x55f0089e02f1 <unknown>
#12 0x55f0089c7afe <unknown>
#13 0x55f0089e0e52 <unknown>
#14 0x55f0089ac79f <unknown>
#15 0x55f008a05638 <unknown>
#16 0x55f008a05810 <unknown>
#17 0x55f008a14dac <unknown>
#18 0x7fa334a9f7f2 start_thread

Cookie consent has been accepted.
Traceback (most recent call last):
  File "/home/ec2-user/autoflipp.online/flask-server/_MERCEDES_SEARCH.py", line 102, in <module>
    with open('data/MERCEDES_SEARCH.json', 'w', encoding='utf-8') as json_file:
FileNotFoundError: [Errno 2] No such file or directory: 'data/MERCEDES_SEARCH.json'
Button not found in this iframe, continuing to next iframe: Message: 
Stacktrace:
#0 0x55df8191fc7a <unknown>
#1 0x55df81602e2c <unknown>
#2 0x55df8164f661 <unknown>
#3 0x55df8164f751 <unknown>
#4 0x55df81693f64 <unknown>
#5 0x55df816725ed <unknown>
#6 0x55df81691303 <unknown>
#7 0x55df81672363 <unknown>
#8 0x55df81642247 <unknown>
#9 0x55df81642b9e <unknown>
#10 0x55df818e624b <unknown>
#11 0x55df818ea2f1 <unknown>
#12 0x55df818d1afe <unknown>
#13 0x55df818eae52 <unknown>
#14 0x55df818b679f <unknown>
#15 0x55df8190f638 <unknown>
#16 0x55df8190f810 <unknown>
#17 0x55df8191edac <unknown>
#18 0x7fba9dc9f7f2 start_thread

Cookie consent has been accepted.
Data from 5 pages saved to 'MERCEDES_SEARCH.json'
Button not found in this iframe, continuing to next iframe: Message: 
Stacktrace:
#0 0x561aec14ec7a <unknown>
#1 0x561aebe31e2c <unknown>
#2 0x561aebe7e661 <unknown>
#3 0x561aebe7e751 <unknown>
#4 0x561aebec2f64 <unknown>
#5 0x561aebea15ed <unknown>
#6 0x561aebec0303 <unknown>
#7 0x561aebea1363 <unknown>
#8 0x561aebe71247 <unknown>
#9 0x561aebe71b9e <unknown>
#10 0x561aec11524b <unknown>
#11 0x561aec1192f1 <unknown>
#12 0x561aec100afe <unknown>
#13 0x561aec119e52 <unknown>
#14 0x561aec0e579f <unknown>
#15 0x561aec13e638 <unknown>
#16 0x561aec13e810 <unknown>
#17 0x561aec14ddac <unknown>
#18 0x7fb5f649f7f2 start_thread

Cookie consent has been accepted.
Data from 5 pages saved to 'MERCEDES_SEARCH.json'
Button not found in this iframe, continuing to next iframe: Message: 
Stacktrace:
#0 0x55a46dd3cc7a <unknown>
#1 0x55a46da1fe2c <unknown>
#2 0x55a46da6c661 <unknown>
#3 0x55a46da6c751 <unknown>
#4 0x55a46dab0f64 <unknown>
#5 0x55a46da8f5ed <unknown>
#6 0x55a46daae303 <unknown>
#7 0x55a46da8f363 <unknown>
#8 0x55a46da5f247 <unknown>
#9 0x55a46da5fb9e <unknown>
#10 0x55a46dd0324b <unknown>
#11 0x55a46dd072f1 <unknown>
#12 0x55a46dceeafe <unknown>
#13 0x55a46dd07e52 <unknown>
#14 0x55a46dcd379f <unknown>
#15 0x55a46dd2c638 <unknown>
#16 0x55a46dd2c810 <unknown>
#17 0x55a46dd3bdac <unknown>
#18 0x7fcc3dc9f7f2 start_thread

Cookie consent has been accepted.
Data from 5 pages saved to 'MERCEDES_SEARCH.json'
Button not found in this iframe, continuing to next iframe: Message: 
Stacktrace:
#0 0x5645bb69ac7a <unknown>
#1 0x5645bb37de2c <unknown>
#2 0x5645bb3ca661 <unknown>
#3 0x5645bb3ca751 <unknown>
#4 0x5645bb40ef64 <unknown>
#5 0x5645bb3ed5ed <unknown>
#6 0x5645bb40c303 <unknown>
#7 0x5645bb3ed363 <unknown>
#8 0x5645bb3bd247 <unknown>
#9 0x5645bb3bdb9e <unknown>
#10 0x5645bb66124b <unknown>
#11 0x5645bb6652f1 <unknown>
#12 0x5645bb64cafe <unknown>
#13 0x5645bb665e52 <unknown>
#14 0x5645bb63179f <unknown>
#15 0x5645bb68a638 <unknown>
#16 0x5645bb68a810 <unknown>
#17 0x5645bb699dac <unknown>
#18 0x7fc6cda9f7f2 start_thread

Cookie consent has been accepted.
Data from 5 pages saved to 'MERCEDES_SEARCH.json'
Button not found in this iframe, continuing to next iframe: Message: 
Stacktrace:
#0 0x55c0bb641c7a <unknown>
#1 0x55c0bb324e2c <unknown>
#2 0x55c0bb371661 <unknown>
#3 0x55c0bb371751 <unknown>
#4 0x55c0bb3b5f64 <unknown>
#5 0x55c0bb3945ed <unknown>
#6 0x55c0bb3b3303 <unknown>
#7 0x55c0bb394363 <unknown>
#8 0x55c0bb364247 <unknown>
#9 0x55c0bb364b9e <unknown>
#10 0x55c0bb60824b <unknown>
#11 0x55c0bb60c2f1 <unknown>
#12 0x55c0bb5f3afe <unknown>
#13 0x55c0bb60ce52 <unknown>
#14 0x55c0bb5d879f <unknown>
#15 0x55c0bb631638 <unknown>
#16 0x55c0bb631810 <unknown>
#17 0x55c0bb640dac <unknown>
#18 0x7f564cc9f7f2 start_thread

Cookie consent has been accepted.
Data from 5 pages saved to 'MERCEDES_SEARCH.json'
Button not found in this iframe, continuing to next iframe: Message: 
Stacktrace:
#0 0x55ce27433c7a <unknown>
#1 0x55ce27116e2c <unknown>
#2 0x55ce27163661 <unknown>
#3 0x55ce27163751 <unknown>
#4 0x55ce271a7f64 <unknown>
#5 0x55ce271865ed <unknown>
#6 0x55ce271a5303 <unknown>
#7 0x55ce27186363 <unknown>
#8 0x55ce27156247 <unknown>
#9 0x55ce27156b9e <unknown>
#10 0x55ce273fa24b <unknown>
#11 0x55ce273fe2f1 <unknown>
#12 0x55ce273e5afe <unknown>
#13 0x55ce273fee52 <unknown>
#14 0x55ce273ca79f <unknown>
#15 0x55ce27423638 <unknown>
#16 0x55ce27423810 <unknown>
#17 0x55ce27432dac <unknown>
#18 0x7f478509f7f2 start_thread

Cookie consent has been accepted.
Data from 5 pages saved to 'MERCEDES_SEARCH.json'
