Traceback (most recent call last):
  File "/home/ec2-user/autoflipp.online/flask-server/=OLX_VOLVO.py", line 4, in <module>
    import TAX_RETURN
  File "/home/ec2-user/autoflipp.online/flask-server/TAX_RETURN.py", line 23, in <module>
    driver = webdriver.Chrome(service=service, options=options)
  File "/home/ec2-user/autoflipp.online/flask-server/venv/lib64/python3.9/site-packages/selenium/webdriver/chrome/webdriver.py", line 45, in __init__
    super().__init__(
  File "/home/ec2-user/autoflipp.online/flask-server/venv/lib64/python3.9/site-packages/selenium/webdriver/chromium/webdriver.py", line 66, in __init__
    super().__init__(command_executor=executor, options=options)
  File "/home/ec2-user/autoflipp.online/flask-server/venv/lib64/python3.9/site-packages/selenium/webdriver/remote/webdriver.py", line 208, in __init__
    self.start_session(capabilities)
  File "/home/ec2-user/autoflipp.online/flask-server/venv/lib64/python3.9/site-packages/selenium/webdriver/remote/webdriver.py", line 292, in start_session
    response = self.execute(Command.NEW_SESSION, caps)["value"]
  File "/home/ec2-user/autoflipp.online/flask-server/venv/lib64/python3.9/site-packages/selenium/webdriver/remote/webdriver.py", line 347, in execute
    self.error_handler.check_response(response)
  File "/home/ec2-user/autoflipp.online/flask-server/venv/lib64/python3.9/site-packages/selenium/webdriver/remote/errorhandler.py", line 229, in check_response
    raise exception_class(message, screen, stacktrace)
selenium.common.exceptions.SessionNotCreatedException: Message: session not created: DevToolsActivePort file doesn't exist
Stacktrace:
#0 0x562abfdcec7a <unknown>
#1 0x562abfab1e2c <unknown>
#2 0x562abfaec175 <unknown>
#3 0x562abfae72d1 <unknown>
#4 0x562abfae317b <unknown>
#5 0x562abfb2dc49 <unknown>
#6 0x562abfb21363 <unknown>
#7 0x562abfaf1247 <unknown>
#8 0x562abfaf1b9e <unknown>
#9 0x562abfd9524b <unknown>
#10 0x562abfd992f1 <unknown>
#11 0x562abfd80afe <unknown>
#12 0x562abfd99e52 <unknown>
#13 0x562abfd6579f <unknown>
#14 0x562abfdbe638 <unknown>
#15 0x562abfdbe810 <unknown>
#16 0x562abfdcddac <unknown>
#17 0x7f58c329f7f2 start_thread

Error: The JSON file was not found.
Error fetching data from OLX API: HTTPSConnectionPool(host='olx.ba', port=443): Max retries exceeded with url: /api/search?attr=3228323031302d393939393939293a372844697a656c29&attr_encoded=1&category_id=18&brand=90&models=0&brands=90&page=1&per_page=175 (Caused by NameResolutionError("<urllib3.connection.HTTPSConnection object at 0x7f8016f5d550>: Failed to resolve 'olx.ba' ([Errno -2] Name or service not known)"))
length of list:  0
Traceback (most recent call last):
  File "/home/ec2-user/autoflipp.online/flask-server/=OLX_VOLVO.py", line 198, in <module>
    with open('data/=OLX_VOLVO.json', 'w', encoding='utf-8') as json_file:
FileNotFoundError: [Errno 2] No such file or directory: 'data/=OLX_VOLVO.json'
INFO:root:Checking for cookie consent button...
INFO:root:Cookie consent has been accepted from Tax Authority.
INFO:root:inputting regno into site...
INFO:root:Next section loaded successfully.
INFO:root:Inputting export date into site...
INFO:root:Next section loaded successfully.
INFO:root:Next section loaded successfully.
INFO:root:Checking for cookie consent button...
INFO:root:Cookie consent has been accepted from Tax Authority.
INFO:root:inputting regno into site...
INFO:root:Next section loaded successfully.
INFO:root:Inputting export date into site...
INFO:root:Next section loaded successfully.
INFO:root:Next section loaded successfully.
INFO:root:Checking for cookie consent button...
INFO:root:Cookie consent has been accepted from Tax Authority.
INFO:root:inputting regno into site...
INFO:root:Next section loaded successfully.
INFO:root:Inputting export date into site...
INFO:root:Next section loaded successfully.
INFO:root:Next section loaded successfully.
INFO:root:Checking for cookie consent button...
INFO:root:Cookie consent has been accepted from Tax Authority.
INFO:root:inputting regno into site...
INFO:root:Next section loaded successfully.
INFO:root:Inputting export date into site...
INFO:root:Next section loaded successfully.
INFO:root:Next section loaded successfully.
INFO:root:Checking for cookie consent button...
INFO:root:Cookie consent has been accepted from Tax Authority.
INFO:root:inputting regno into site...
INFO:root:Next section loaded successfully.
INFO:root:Inputting export date into site...
INFO:root:Next section loaded successfully.
INFO:root:Next section loaded successfully.
Pressing next button...
Attempting to input the export date...
pressing seocnd next button...
pressing calculate button...
KT89118: tax return: 19644
Pressing next button...
Attempting to input the export date...
pressing seocnd next button...
pressing calculate button...
YN61203: tax return: 15618
Pressing next button...
Attempting to input the export date...
pressing seocnd next button...
pressing calculate button...
KJ18249: tax return: 18955
Pressing next button...
Attempting to input the export date...
pressing seocnd next button...
pressing calculate button...
BD96918: tax return: 33921
Pressing next button...
Attempting to input the export date...
pressing seocnd next button...
pressing calculate button...
BT88089: tax return: 22686
length of list:  29
INFO:root:Checking for cookie consent button...
INFO:root:Cookie consent has been accepted from Tax Authority.
INFO:root:inputting regno into site...
INFO:root:Next section loaded successfully.
INFO:root:Inputting export date into site...
INFO:root:Next section loaded successfully.
INFO:root:Next section loaded successfully.
INFO:root:Checking for cookie consent button...
INFO:root:Cookie consent has been accepted from Tax Authority.
INFO:root:inputting regno into site...
INFO:root:Next section loaded successfully.
INFO:root:Inputting export date into site...
INFO:root:Next section loaded successfully.
INFO:root:Next section loaded successfully.
INFO:root:Checking for cookie consent button...
INFO:root:Cookie consent has been accepted from Tax Authority.
INFO:root:inputting regno into site...
INFO:root:Next section loaded successfully.
INFO:root:Inputting export date into site...
INFO:root:Next section loaded successfully.
INFO:root:Next section loaded successfully.
INFO:root:Checking for cookie consent button...
INFO:root:Cookie consent has been accepted from Tax Authority.
INFO:root:inputting regno into site...
INFO:root:Next section loaded successfully.
INFO:root:Inputting export date into site...
INFO:root:Next section loaded successfully.
INFO:root:Next section loaded successfully.
INFO:root:Checking for cookie consent button...
INFO:root:Cookie consent has been accepted from Tax Authority.
INFO:root:inputting regno into site...
INFO:root:Next section loaded successfully.
INFO:root:Inputting export date into site...
INFO:root:Next section loaded successfully.
INFO:root:Next section loaded successfully.
INFO:root:Checking for cookie consent button...
INFO:root:Cookie consent has been accepted from Tax Authority.
INFO:root:inputting regno into site...
INFO:root:Next section loaded successfully.
INFO:root:Inputting export date into site...
INFO:root:Next section loaded successfully.
INFO:root:Next section loaded successfully.
Pressing next button...
Attempting to input the export date...
pressing seocnd next button...
pressing calculate button...
KT89118: tax return: 19644
Pressing next button...
Attempting to input the export date...
pressing seocnd next button...
pressing calculate button...
YN61203: tax return: 15618
Pressing next button...
Attempting to input the export date...
pressing seocnd next button...
pressing calculate button...
KJ18249: tax return: 18955
Pressing next button...
Attempting to input the export date...
pressing seocnd next button...
pressing calculate button...
BD96918: tax return: 33921
Pressing next button...
Attempting to input the export date...
pressing seocnd next button...
pressing calculate button...
BT88089: tax return: 22686
Pressing next button...
Attempting to input the export date...
pressing seocnd next button...
pressing calculate button...
SD85828: tax return: 45566
length of list:  30
INFO:root:Checking for cookie consent button...
INFO:root:Cookie consent has been accepted from Tax Authority.
INFO:root:inputting regno into site...
INFO:root:Next section loaded successfully.
INFO:root:Inputting export date into site...
INFO:root:Next section loaded successfully.
INFO:root:Next section loaded successfully.
INFO:root:Checking for cookie consent button...
INFO:root:Cookie consent has been accepted from Tax Authority.
INFO:root:inputting regno into site...
INFO:root:Next section loaded successfully.
INFO:root:Inputting export date into site...
INFO:root:Next section loaded successfully.
INFO:root:Next section loaded successfully.
INFO:root:Checking for cookie consent button...
INFO:root:Cookie consent has been accepted from Tax Authority.
INFO:root:inputting regno into site...
INFO:root:Next section loaded successfully.
INFO:root:Inputting export date into site...
INFO:root:Next section loaded successfully.
INFO:root:Next section loaded successfully.
INFO:root:Checking for cookie consent button...
INFO:root:Cookie consent has been accepted from Tax Authority.
INFO:root:inputting regno into site...
INFO:root:Next section loaded successfully.
INFO:root:Inputting export date into site...
INFO:root:Next section loaded successfully.
INFO:root:Next section loaded successfully.
INFO:root:Checking for cookie consent button...
INFO:root:Cookie consent has been accepted from Tax Authority.
INFO:root:inputting regno into site...
INFO:root:Next section loaded successfully.
INFO:root:Inputting export date into site...
INFO:root:Next section loaded successfully.
INFO:root:Next section loaded successfully.
INFO:root:Checking for cookie consent button...
INFO:root:Cookie consent has been accepted from Tax Authority.
INFO:root:inputting regno into site...
INFO:root:Next section loaded successfully.
INFO:root:Inputting export date into site...
INFO:root:Next section loaded successfully.
INFO:root:Next section loaded successfully.
Pressing next button...
Attempting to input the export date...
pressing seocnd next button...
pressing calculate button...
BT45763: tax return: 33921
Pressing next button...
Attempting to input the export date...
pressing seocnd next button...
pressing calculate button...
KT89118: tax return: 19644
Pressing next button...
Attempting to input the export date...
pressing seocnd next button...
pressing calculate button...
YN61203: tax return: 15618
Pressing next button...
Attempting to input the export date...
pressing seocnd next button...
pressing calculate button...
KJ18249: tax return: 18955
Pressing next button...
Attempting to input the export date...
pressing seocnd next button...
pressing calculate button...
BT88089: tax return: 22686
Pressing next button...
Attempting to input the export date...
pressing seocnd next button...
pressing calculate button...
SD85828: tax return: 45566
length of list:  29
Error fetching data from OLX API: HTTPSConnectionPool(host='olx.ba', port=443): Max retries exceeded with url: /api/search?attr=3228323031302d393939393939293a372844697a656c29&attr_encoded=1&category_id=18&brand=90&models=0&brands=90&page=1&per_page=175 (Caused by NameResolutionError("<urllib3.connection.HTTPSConnection object at 0x7fd58b9fea30>: Failed to resolve 'olx.ba' ([Errno -2] Name or service not known)"))
length of list:  0
INFO:root:Checking for cookie consent button...
INFO:root:Cookie consent has been accepted from Tax Authority.
INFO:root:inputting regno into site...
INFO:root:Next section loaded successfully.
INFO:root:Inputting export date into site...
INFO:root:Next section loaded successfully.
INFO:root:Next section loaded successfully.
INFO:root:Checking for cookie consent button...
INFO:root:Cookie consent has been accepted from Tax Authority.
INFO:root:inputting regno into site...
INFO:root:Next section loaded successfully.
INFO:root:Inputting export date into site...
INFO:root:Next section loaded successfully.
INFO:root:Next section loaded successfully.
INFO:root:Checking for cookie consent button...
INFO:root:Cookie consent has been accepted from Tax Authority.
INFO:root:inputting regno into site...
INFO:root:Next section loaded successfully.
INFO:root:Inputting export date into site...
INFO:root:Next section loaded successfully.
INFO:root:Next section loaded successfully.
INFO:root:Checking for cookie consent button...
INFO:root:Cookie consent has been accepted from Tax Authority.
INFO:root:inputting regno into site...
INFO:root:Next section loaded successfully.
INFO:root:Inputting export date into site...
INFO:root:Next section loaded successfully.
INFO:root:Next section loaded successfully.
INFO:root:Checking for cookie consent button...
INFO:root:Cookie consent has been accepted from Tax Authority.
INFO:root:inputting regno into site...
INFO:root:Next section loaded successfully.
INFO:root:Inputting export date into site...
INFO:root:Next section loaded successfully.
INFO:root:Next section loaded successfully.
INFO:root:Checking for cookie consent button...
INFO:root:Cookie consent has been accepted from Tax Authority.
INFO:root:inputting regno into site...
INFO:root:Next section loaded successfully.
INFO:root:Inputting export date into site...
INFO:root:Next section loaded successfully.
INFO:root:Next section loaded successfully.
Pressing next button...
Attempting to input the export date...
pressing seocnd next button...
pressing calculate button...
JV20782: tax return: 11943
Pressing next button...
Attempting to input the export date...
pressing seocnd next button...
pressing calculate button...
YE98074: tax return: 25352
Pressing next button...
Attempting to input the export date...
pressing seocnd next button...
pressing calculate button...
BT45763: tax return: 33921
Pressing next button...
Attempting to input the export date...
pressing seocnd next button...
pressing calculate button...
TV88714: tax return: 13647
Pressing next button...
Attempting to input the export date...
pressing seocnd next button...
pressing calculate button...
BT88089: tax return: 22686
Pressing next button...
Attempting to input the export date...
pressing seocnd next button...
pressing calculate button...
SD85828: tax return: 45566
length of list:  32
Error fetching data from OLX API: HTTPSConnectionPool(host='olx.ba', port=443): Max retries exceeded with url: /api/search?attr=3228323031302d393939393939293a372844697a656c29&attr_encoded=1&category_id=18&brand=90&models=0&brands=90&page=1&per_page=175 (Caused by NameResolutionError("<urllib3.connection.HTTPSConnection object at 0x7fe58f04aa30>: Failed to resolve 'olx.ba' ([Errno -2] Name or service not known)"))
length of list:  0
INFO:root:Checking for cookie consent button...
INFO:root:Cookie consent has been accepted from Tax Authority.
INFO:root:inputting regno into site...
INFO:root:Pressing next button...
INFO:root:Next section loaded successfully.
INFO:root:Attempting to input the export date...
INFO:root:Inputting export date into site...
INFO:root:Pressing second next button...
INFO:root:Next section loaded successfully.
INFO:root:Pressing calculate button...
INFO:root:Next section loaded successfully.
INFO:root:YE97001: tax return: 20409
INFO:root:Checking for cookie consent button...
INFO:root:Cookie consent has been accepted from Tax Authority.
INFO:root:inputting regno into site...
INFO:root:Pressing next button...
INFO:root:Next section loaded successfully.
INFO:root:Attempting to input the export date...
INFO:root:Inputting export date into site...
INFO:root:Pressing second next button...
INFO:root:Next section loaded successfully.
INFO:root:Pressing calculate button...
INFO:root:Next section loaded successfully.
INFO:root:HT18631: tax return: 17908
INFO:root:Checking for cookie consent button...
INFO:root:Cookie consent has been accepted from Tax Authority.
INFO:root:inputting regno into site...
INFO:root:Pressing next button...
INFO:root:Next section loaded successfully.
INFO:root:Attempting to input the export date...
INFO:root:Inputting export date into site...
INFO:root:Pressing second next button...
INFO:root:Next section loaded successfully.
INFO:root:Pressing calculate button...
INFO:root:Next section loaded successfully.
INFO:root:JV20782: tax return: 11943
INFO:root:Checking for cookie consent button...
INFO:root:Cookie consent has been accepted from Tax Authority.
INFO:root:inputting regno into site...
INFO:root:Pressing next button...
INFO:root:Next section loaded successfully.
INFO:root:Attempting to input the export date...
INFO:root:Inputting export date into site...
INFO:root:Pressing second next button...
INFO:root:Next section loaded successfully.
INFO:root:Pressing calculate button...
INFO:root:Next section loaded successfully.
INFO:root:BT45763: tax return: 33921
INFO:root:Checking for cookie consent button...
INFO:root:Cookie consent has been accepted from Tax Authority.
INFO:root:inputting regno into site...
INFO:root:Pressing next button...
INFO:root:Next section loaded successfully.
INFO:root:Attempting to input the export date...
INFO:root:Inputting export date into site...
INFO:root:Pressing second next button...
INFO:root:Next section loaded successfully.
INFO:root:Pressing calculate button...
INFO:root:Next section loaded successfully.
INFO:root:TV88714: tax return: 13647
INFO:root:Checking for cookie consent button...
INFO:root:Cookie consent has been accepted from Tax Authority.
INFO:root:inputting regno into site...
INFO:root:Pressing next button...
INFO:root:Next section loaded successfully.
INFO:root:Attempting to input the export date...
INFO:root:Inputting export date into site...
INFO:root:Pressing second next button...
INFO:root:Next section loaded successfully.
INFO:root:Pressing calculate button...
INFO:root:Next section loaded successfully.
INFO:root:BT88089: tax return: 22686
INFO:root:Checking for cookie consent button...
INFO:root:Cookie consent has been accepted from Tax Authority.
INFO:root:inputting regno into site...
INFO:root:Pressing next button...
INFO:root:Next section loaded successfully.
INFO:root:Attempting to input the export date...
INFO:root:Inputting export date into site...
INFO:root:Pressing second next button...
INFO:root:Next section loaded successfully.
INFO:root:Pressing calculate button...
INFO:root:Next section loaded successfully.
INFO:root:SD85828: tax return: 45566
length of list:  34
INFO:root:Checking for cookie consent button...
INFO:root:Cookie consent has been accepted from Tax Authority.
INFO:root:inputting regno into site...
INFO:root:Pressing next button...
INFO:root:Next section loaded successfully.
INFO:root:Attempting to input the export date...
INFO:root:Inputting export date into site...
INFO:root:Pressing second next button...
INFO:root:Next section loaded successfully.
INFO:root:Pressing calculate button...
INFO:root:Next section loaded successfully.
INFO:root:UF64724: tax return: 13701
INFO:root:Checking for cookie consent button...
INFO:root:Cookie consent has been accepted from Tax Authority.
INFO:root:inputting regno into site...
INFO:root:Pressing next button...
INFO:root:Next section loaded successfully.
INFO:root:Attempting to input the export date...
INFO:root:Inputting export date into site...
INFO:root:Pressing second next button...
INFO:root:Next section loaded successfully.
INFO:root:Pressing calculate button...
INFO:root:Next section loaded successfully.
INFO:root:HT18631: tax return: 17908
INFO:root:Checking for cookie consent button...
INFO:root:Cookie consent has been accepted from Tax Authority.
INFO:root:inputting regno into site...
INFO:root:Pressing next button...
INFO:root:Next section loaded successfully.
INFO:root:Attempting to input the export date...
INFO:root:Inputting export date into site...
INFO:root:Pressing second next button...
INFO:root:Next section loaded successfully.
INFO:root:Pressing calculate button...
INFO:root:Next section loaded successfully.
INFO:root:SD85828: tax return: 45566
Error fetching data from OLX API: 502 Server Error: Bad Gateway for url: https://olx.ba/api/search?attr=3228323031302d393939393939293a372844697a656c29&attr_encoded=1&category_id=18&brand=90&models=0&brands=90&page=2&per_page=175
length of list:  18
INFO:root:Checking for cookie consent button...
INFO:root:Cookie consent has been accepted from Tax Authority.
INFO:root:inputting regno into site...
INFO:root:Pressing next button...
INFO:root:Next section loaded successfully.
INFO:root:Attempting to input the export date...
INFO:root:Inputting export date into site...
INFO:root:Pressing second next button...
INFO:root:Next section loaded successfully.
INFO:root:Pressing calculate button...
INFO:root:Next section loaded successfully.
INFO:root:NV69020: tax return: 20005
INFO:root:Checking for cookie consent button...
INFO:root:Cookie consent has been accepted from Tax Authority.
INFO:root:inputting regno into site...
INFO:root:Pressing next button...
INFO:root:Next section loaded successfully.
INFO:root:Attempting to input the export date...
INFO:root:Inputting export date into site...
INFO:root:Pressing second next button...
INFO:root:Next section loaded successfully.
INFO:root:Pressing calculate button...
INFO:root:Next section loaded successfully.
INFO:root:SD87004: tax return: 25813
INFO:root:Checking for cookie consent button...
INFO:root:Cookie consent has been accepted from Tax Authority.
INFO:root:inputting regno into site...
INFO:root:Pressing next button...
INFO:root:Next section loaded successfully.
INFO:root:Attempting to input the export date...
INFO:root:Inputting export date into site...
INFO:root:Pressing second next button...
INFO:root:Next section loaded successfully.
INFO:root:Pressing calculate button...
INFO:root:Next section loaded successfully.
INFO:root:UF64724: tax return: 13701
INFO:root:Checking for cookie consent button...
INFO:root:Cookie consent has been accepted from Tax Authority.
INFO:root:inputting regno into site...
INFO:root:Pressing next button...
INFO:root:Next section loaded successfully.
INFO:root:Attempting to input the export date...
INFO:root:Inputting export date into site...
INFO:root:Pressing second next button...
INFO:root:Next section loaded successfully.
INFO:root:Pressing calculate button...
INFO:root:Next section loaded successfully.
INFO:root:HT18631: tax return: 17908
INFO:root:Checking for cookie consent button...
INFO:root:Cookie consent has been accepted from Tax Authority.
INFO:root:inputting regno into site...
INFO:root:Pressing next button...
INFO:root:Next section loaded successfully.
INFO:root:Attempting to input the export date...
INFO:root:Inputting export date into site...
INFO:root:Pressing second next button...
INFO:root:Next section loaded successfully.
INFO:root:Pressing calculate button...
INFO:root:Next section loaded successfully.
INFO:root:SD85828: tax return: 45566
Error fetching data from OLX API: 502 Server Error: Bad Gateway for url: https://olx.ba/api/search?attr=3228323031302d393939393939293a372844697a656c29&attr_encoded=1&category_id=18&brand=90&models=0&brands=90&page=2&per_page=175
length of list:  22
INFO:root:Checking for cookie consent button...
INFO:root:Cookie consent has been accepted from Tax Authority.
INFO:root:inputting regno into site...
INFO:root:Pressing next button...
INFO:root:Next section did not load. Retrying click.
INFO:root:Next section did not load. Retrying click.
INFO:root:Next section did not load. Retrying click.
INFO:root:Next section did not load. Retrying click.
INFO:root:Next section did not load. Retrying click.
INFO:root:Attempting to input the export date...
ERROR:root:Date input field not found: Message: no such element: Unable to locate element: {"method":"css selector","selector":"input.form-control.input[placeholder='dd.mm.åååå'][type='text']"}
  (Session info: chrome-headless-shell=126.0.6478.126); For documentation on this error, please visit: https://www.selenium.dev/documentation/webdriver/troubleshooting/errors#no-such-element-exception
Stacktrace:
#0 0x55bbcafc4c7a <unknown>
#1 0x55bbcaca7e2c <unknown>
#2 0x55bbcacf4661 <unknown>
#3 0x55bbcacf4751 <unknown>
#4 0x55bbcad38f64 <unknown>
#5 0x55bbcad175ed <unknown>
#6 0x55bbcad36303 <unknown>
#7 0x55bbcad17363 <unknown>
#8 0x55bbcace7247 <unknown>
#9 0x55bbcace7b9e <unknown>
#10 0x55bbcaf8b24b <unknown>
#11 0x55bbcaf8f2f1 <unknown>
#12 0x55bbcaf76afe <unknown>
#13 0x55bbcaf8fe52 <unknown>
#14 0x55bbcaf5b79f <unknown>
#15 0x55bbcafb4638 <unknown>
#16 0x55bbcafb4810 <unknown>
#17 0x55bbcafc3dac <unknown>
#18 0x7f87dd09f7f2 start_thread

INFO:root:Checking for cookie consent button...
INFO:root:Cookie consent has been accepted from Tax Authority.
INFO:root:inputting regno into site...
INFO:root:Pressing next button...
INFO:root:Next section loaded successfully.
INFO:root:Attempting to input the export date...
INFO:root:Inputting export date into site...
INFO:root:Pressing second next button...
INFO:root:Next section loaded successfully.
INFO:root:Pressing calculate button...
INFO:root:Next section loaded successfully.
INFO:root:DR17631: tax return: 59741
INFO:root:Checking for cookie consent button...
INFO:root:Cookie consent has been accepted from Tax Authority.
INFO:root:inputting regno into site...
INFO:root:Pressing next button...
INFO:root:Next section loaded successfully.
INFO:root:Attempting to input the export date...
INFO:root:Inputting export date into site...
INFO:root:Pressing second next button...
INFO:root:Next section loaded successfully.
INFO:root:Pressing calculate button...
INFO:root:Next section loaded successfully.
INFO:root:NV69020: tax return: 20005
INFO:root:Checking for cookie consent button...
INFO:root:Cookie consent has been accepted from Tax Authority.
INFO:root:inputting regno into site...
INFO:root:Pressing next button...
INFO:root:Next section loaded successfully.
INFO:root:Attempting to input the export date...
INFO:root:Inputting export date into site...
INFO:root:Pressing second next button...
INFO:root:Next section loaded successfully.
INFO:root:Pressing calculate button...
INFO:root:Next section loaded successfully.
INFO:root:SD87004: tax return: 25813
INFO:root:Checking for cookie consent button...
INFO:root:Cookie consent has been accepted from Tax Authority.
INFO:root:inputting regno into site...
INFO:root:Pressing next button...
INFO:root:Next section loaded successfully.
INFO:root:Attempting to input the export date...
INFO:root:Inputting export date into site...
INFO:root:Pressing second next button...
INFO:root:Next section loaded successfully.
INFO:root:Pressing calculate button...
INFO:root:Next section loaded successfully.
INFO:root:HT18631: tax return: 17908
INFO:root:Checking for cookie consent button...
INFO:root:Cookie consent has been accepted from Tax Authority.
INFO:root:inputting regno into site...
INFO:root:Pressing next button...
INFO:root:Next section loaded successfully.
INFO:root:Attempting to input the export date...
INFO:root:Inputting export date into site...
INFO:root:Pressing second next button...
INFO:root:Next section loaded successfully.
INFO:root:Pressing calculate button...
INFO:root:Next section loaded successfully.
INFO:root:BT45763: tax return: 33921
INFO:root:Checking for cookie consent button...
INFO:root:Cookie consent has been accepted from Tax Authority.
INFO:root:inputting regno into site...
INFO:root:Pressing next button...
INFO:root:Next section loaded successfully.
INFO:root:Attempting to input the export date...
INFO:root:Inputting export date into site...
INFO:root:Pressing second next button...
INFO:root:Next section loaded successfully.
INFO:root:Pressing calculate button...
INFO:root:Next section loaded successfully.
INFO:root:SD85828: tax return: 45566
length of list:  34
INFO:root:Checking for cookie consent button...
INFO:root:Cookie consent has been accepted from Tax Authority.
INFO:root:inputting regno into site...
INFO:root:Pressing next button...
INFO:root:Next section did not load. Retrying click.
INFO:root:Next section did not load. Retrying click.
INFO:root:Next section did not load. Retrying click.
INFO:root:Next section did not load. Retrying click.
INFO:root:Next section did not load. Retrying click.
INFO:root:Attempting to input the export date...
ERROR:root:Date input field not found: Message: no such element: Unable to locate element: {"method":"css selector","selector":"input.form-control.input[placeholder='dd.mm.åååå'][type='text']"}
  (Session info: chrome-headless-shell=126.0.6478.126); For documentation on this error, please visit: https://www.selenium.dev/documentation/webdriver/troubleshooting/errors#no-such-element-exception
Stacktrace:
#0 0x555ccbb8ac7a <unknown>
#1 0x555ccb86de2c <unknown>
#2 0x555ccb8ba661 <unknown>
#3 0x555ccb8ba751 <unknown>
#4 0x555ccb8fef64 <unknown>
#5 0x555ccb8dd5ed <unknown>
#6 0x555ccb8fc303 <unknown>
#7 0x555ccb8dd363 <unknown>
#8 0x555ccb8ad247 <unknown>
#9 0x555ccb8adb9e <unknown>
#10 0x555ccbb5124b <unknown>
#11 0x555ccbb552f1 <unknown>
#12 0x555ccbb3cafe <unknown>
#13 0x555ccbb55e52 <unknown>
#14 0x555ccbb2179f <unknown>
#15 0x555ccbb7a638 <unknown>
#16 0x555ccbb7a810 <unknown>
#17 0x555ccbb89dac <unknown>
#18 0x7ff24629f7f2 start_thread

INFO:root:Checking for cookie consent button...
INFO:root:Cookie consent has been accepted from Tax Authority.
INFO:root:inputting regno into site...
INFO:root:Pressing next button...
INFO:root:Next section loaded successfully.
INFO:root:Attempting to input the export date...
INFO:root:Inputting export date into site...
INFO:root:Pressing second next button...
INFO:root:Next section loaded successfully.
INFO:root:Pressing calculate button...
INFO:root:Next section loaded successfully.
INFO:root:DR17631: tax return: 59741
INFO:root:Checking for cookie consent button...
INFO:root:Cookie consent has been accepted from Tax Authority.
INFO:root:inputting regno into site...
INFO:root:Pressing next button...
INFO:root:Next section loaded successfully.
INFO:root:Attempting to input the export date...
INFO:root:Inputting export date into site...
INFO:root:Pressing second next button...
INFO:root:Next section loaded successfully.
INFO:root:Pressing calculate button...
INFO:root:Next section loaded successfully.
INFO:root:NV69020: tax return: 20005
INFO:root:Checking for cookie consent button...
INFO:root:Cookie consent has been accepted from Tax Authority.
INFO:root:inputting regno into site...
INFO:root:Pressing next button...
INFO:root:Next section loaded successfully.
INFO:root:Attempting to input the export date...
INFO:root:Inputting export date into site...
INFO:root:Pressing second next button...
INFO:root:Next section loaded successfully.
INFO:root:Pressing calculate button...
INFO:root:Next section loaded successfully.
INFO:root:HT18631: tax return: 17908
INFO:root:Checking for cookie consent button...
INFO:root:Cookie consent has been accepted from Tax Authority.
INFO:root:inputting regno into site...
INFO:root:Pressing next button...
INFO:root:Next section loaded successfully.
INFO:root:Attempting to input the export date...
INFO:root:Inputting export date into site...
INFO:root:Pressing second next button...
INFO:root:Next section loaded successfully.
INFO:root:Pressing calculate button...
INFO:root:Next section did not load. Retrying click.
INFO:root:BT45763: tax return: 33921
Error fetching data from OLX API: 502 Server Error: Bad Gateway for url: https://olx.ba/api/search?attr=3228323031302d393939393939293a372844697a656c29&attr_encoded=1&category_id=18&brand=90&models=0&brands=90&page=2&per_page=175
length of list:  20
INFO:root:Checking for cookie consent button...
INFO:root:Cookie consent has been accepted from Tax Authority.
INFO:root:inputting regno into site...
INFO:root:Pressing next button...
INFO:root:Next section loaded successfully.
INFO:root:Attempting to input the export date...
INFO:root:Inputting export date into site...
INFO:root:Pressing second next button...
INFO:root:Next section loaded successfully.
INFO:root:Pressing calculate button...
INFO:root:Next section loaded successfully.
INFO:root:SD73610: tax return: 15667
INFO:root:Checking for cookie consent button...
INFO:root:Cookie consent has been accepted from Tax Authority.
INFO:root:inputting regno into site...
INFO:root:Pressing next button...
INFO:root:Next section loaded successfully.
INFO:root:Attempting to input the export date...
INFO:root:Inputting export date into site...
INFO:root:Pressing second next button...
INFO:root:Next section loaded successfully.
INFO:root:Pressing calculate button...
INFO:root:Next section loaded successfully.
INFO:root:DR17631: tax return: 59741
INFO:root:Checking for cookie consent button...
INFO:root:Cookie consent has been accepted from Tax Authority.
INFO:root:inputting regno into site...
INFO:root:Pressing next button...
INFO:root:Next section loaded successfully.
INFO:root:Attempting to input the export date...
INFO:root:Inputting export date into site...
INFO:root:Pressing second next button...
INFO:root:Next section loaded successfully.
INFO:root:Pressing calculate button...
INFO:root:Next section loaded successfully.
INFO:root:NV69020: tax return: 20005
INFO:root:Checking for cookie consent button...
INFO:root:Cookie consent has been accepted from Tax Authority.
INFO:root:inputting regno into site...
INFO:root:Pressing next button...
INFO:root:Next section loaded successfully.
INFO:root:Attempting to input the export date...
INFO:root:Inputting export date into site...
INFO:root:Pressing second next button...
INFO:root:Next section loaded successfully.
INFO:root:Pressing calculate button...
INFO:root:Next section loaded successfully.
INFO:root:SD87004: tax return: 25813
INFO:root:Checking for cookie consent button...
INFO:root:Cookie consent has been accepted from Tax Authority.
INFO:root:inputting regno into site...
INFO:root:Pressing next button...
INFO:root:Next section loaded successfully.
INFO:root:Attempting to input the export date...
INFO:root:Inputting export date into site...
INFO:root:Pressing second next button...
INFO:root:Next section loaded successfully.
INFO:root:Pressing calculate button...
INFO:root:Next section loaded successfully.
INFO:root:HT18631: tax return: 17908
INFO:root:Checking for cookie consent button...
INFO:root:Cookie consent has been accepted from Tax Authority.
INFO:root:inputting regno into site...
INFO:root:Pressing next button...
INFO:root:Next section loaded successfully.
INFO:root:Attempting to input the export date...
INFO:root:Inputting export date into site...
INFO:root:Pressing second next button...
INFO:root:Next section loaded successfully.
INFO:root:Pressing calculate button...
INFO:root:Next section loaded successfully.
INFO:root:BT45763: tax return: 33921
Error fetching data from OLX API: 502 Server Error: Bad Gateway for url: https://olx.ba/api/search?attr=3228323031302d393939393939293a372844697a656c29&attr_encoded=1&category_id=18&brand=90&models=0&brands=90&page=3&per_page=175
length of list:  28
