Traceback (most recent call last):
  File "/home/ec2-user/autoflipp.online/flask-server/=OLX_MERCEDES.py", line 4, in <module>
    import TAX_RETURN
  File "/home/ec2-user/autoflipp.online/flask-server/TAX_RETURN.py", line 23, in <module>
    driver = webdriver.Chrome(service=service, options=options)
  File "/home/ec2-user/autoflipp.online/flask-server/venv/lib64/python3.9/site-packages/selenium/webdriver/chrome/webdriver.py", line 45, in __init__
    super().__init__(
  File "/home/ec2-user/autoflipp.online/flask-server/venv/lib64/python3.9/site-packages/selenium/webdriver/chromium/webdriver.py", line 66, in __init__
    super().__init__(command_executor=executor, options=options)
  File "/home/ec2-user/autoflipp.online/flask-server/venv/lib64/python3.9/site-packages/selenium/webdriver/remote/webdriver.py", line 208, in __init__
    self.start_session(capabilities)
  File "/home/ec2-user/autoflipp.online/flask-server/venv/lib64/python3.9/site-packages/selenium/webdriver/remote/webdriver.py", line 292, in start_session
    response = self.execute(Command.NEW_SESSION, caps)["value"]
  File "/home/ec2-user/autoflipp.online/flask-server/venv/lib64/python3.9/site-packages/selenium/webdriver/remote/webdriver.py", line 347, in execute
    self.error_handler.check_response(response)
  File "/home/ec2-user/autoflipp.online/flask-server/venv/lib64/python3.9/site-packages/selenium/webdriver/remote/errorhandler.py", line 229, in check_response
    raise exception_class(message, screen, stacktrace)
selenium.common.exceptions.SessionNotCreatedException: Message: session not created: DevToolsActivePort file doesn't exist
Stacktrace:
#0 0x5557ebc41c7a <unknown>
#1 0x5557eb924e2c <unknown>
#2 0x5557eb95f175 <unknown>
#3 0x5557eb95a2d1 <unknown>
#4 0x5557eb95617b <unknown>
#5 0x5557eb9a0c49 <unknown>
#6 0x5557eb994363 <unknown>
#7 0x5557eb964247 <unknown>
#8 0x5557eb964b9e <unknown>
#9 0x5557ebc0824b <unknown>
#10 0x5557ebc0c2f1 <unknown>
#11 0x5557ebbf3afe <unknown>
#12 0x5557ebc0ce52 <unknown>
#13 0x5557ebbd879f <unknown>
#14 0x5557ebc31638 <unknown>
#15 0x5557ebc31810 <unknown>
#16 0x5557ebc40dac <unknown>
#17 0x7f60afa9f7f2 start_thread

Error: The JSON file was not found.
Error fetching data from OLX API: HTTPSConnectionPool(host='olx.ba', port=443): Max retries exceeded with url: /api/search?attr=3228323031302d393939393939293a372844697a656c29&attr_encoded=1&category_id=18&brand=56&models=0&brands=56&page=1&per_page=175 (Caused by NameResolutionError("<urllib3.connection.HTTPSConnection object at 0x7f41c91092e0>: Failed to resolve 'olx.ba' ([Errno -2] Name or service not known)"))
Traceback (most recent call last):
  File "/home/ec2-user/autoflipp.online/flask-server/=OLX_MERCEDES.py", line 160, in <module>
    with open('data/=OLX_MERCEDES.json', 'w', encoding='utf-8') as json_file:
FileNotFoundError: [Errno 2] No such file or directory: 'data/=OLX_MERCEDES.json'
INFO:root:Checking for cookie consent button...
INFO:root:Cookie consent has been accepted from Tax Authority.
INFO:root:inputting regno into site...
INFO:root:Next section loaded successfully.
INFO:root:Inputting export date into site...
INFO:root:Next section loaded successfully.
INFO:root:Next section loaded successfully.
INFO:root:Checking for cookie consent button...
INFO:root:Cookie consent has been accepted from Tax Authority.
INFO:root:inputting regno into site...
INFO:root:Next section loaded successfully.
INFO:root:Inputting export date into site...
INFO:root:Next section loaded successfully.
INFO:root:Next section loaded successfully.
INFO:root:Checking for cookie consent button...
INFO:root:Cookie consent has been accepted from Tax Authority.
INFO:root:inputting regno into site...
INFO:root:Next section loaded successfully.
INFO:root:Inputting export date into site...
INFO:root:Next section loaded successfully.
INFO:root:Next section loaded successfully.
INFO:root:Checking for cookie consent button...
INFO:root:Cookie consent has been accepted from Tax Authority.
INFO:root:inputting regno into site...
INFO:root:Next section loaded successfully.
INFO:root:Inputting export date into site...
INFO:root:Next section loaded successfully.
INFO:root:Next section loaded successfully.
INFO:root:Checking for cookie consent button...
INFO:root:Cookie consent has been accepted from Tax Authority.
INFO:root:inputting regno into site...
INFO:root:Next section loaded successfully.
INFO:root:Inputting export date into site...
INFO:root:Next section loaded successfully.
INFO:root:Next section loaded successfully.
INFO:root:Checking for cookie consent button...
INFO:root:Cookie consent has been accepted from Tax Authority.
INFO:root:inputting regno into site...
INFO:root:Next section loaded successfully.
INFO:root:Inputting export date into site...
INFO:root:Next section loaded successfully.
INFO:root:Next section loaded successfully.
INFO:root:Checking for cookie consent button...
INFO:root:Cookie consent has been accepted from Tax Authority.
INFO:root:inputting regno into site...
INFO:root:Next section loaded successfully.
INFO:root:Inputting export date into site...
INFO:root:Next section loaded successfully.
INFO:root:Next section loaded successfully.
INFO:root:Checking for cookie consent button...
INFO:root:Cookie consent has been accepted from Tax Authority.
INFO:root:inputting regno into site...
INFO:root:Next section loaded successfully.
INFO:root:Inputting export date into site...
INFO:root:Next section loaded successfully.
INFO:root:Next section loaded successfully.
INFO:root:Checking for cookie consent button...
INFO:root:Cookie consent has been accepted from Tax Authority.
INFO:root:inputting regno into site...
INFO:root:Next section loaded successfully.
INFO:root:Inputting export date into site...
INFO:root:Next section loaded successfully.
INFO:root:Next section loaded successfully.
INFO:root:Checking for cookie consent button...
INFO:root:Cookie consent has been accepted from Tax Authority.
INFO:root:inputting regno into site...
INFO:root:Next section loaded successfully.
INFO:root:Inputting export date into site...
INFO:root:Next section loaded successfully.
INFO:root:Next section loaded successfully.
INFO:root:Checking for cookie consent button...
INFO:root:Cookie consent has been accepted from Tax Authority.
INFO:root:inputting regno into site...
INFO:root:Next section loaded successfully.
INFO:root:Inputting export date into site...
INFO:root:Next section loaded successfully.
INFO:root:Next section loaded successfully.
INFO:root:Checking for cookie consent button...
INFO:root:Cookie consent has been accepted from Tax Authority.
INFO:root:inputting regno into site...
INFO:root:Next section loaded successfully.
INFO:root:Inputting export date into site...
INFO:root:Next section loaded successfully.
INFO:root:Next section loaded successfully.
Pressing next button...
Attempting to input the export date...
pressing seocnd next button...
pressing calculate button...
BT51274: tax return: 23457
Pressing next button...
Attempting to input the export date...
pressing seocnd next button...
pressing calculate button...
DP76587: tax return: 25918
Pressing next button...
Attempting to input the export date...
pressing seocnd next button...
pressing calculate button...
LS92653: tax return: 12702
Pressing next button...
Attempting to input the export date...
pressing seocnd next button...
pressing calculate button...
BT53815: tax return: 23457
Pressing next button...
Attempting to input the export date...
pressing seocnd next button...
pressing calculate button...
BT47090: tax return: 8268
Pressing next button...
Attempting to input the export date...
pressing seocnd next button...
pressing calculate button...
UF67073: tax return: 23110
Pressing next button...
Attempting to input the export date...
pressing seocnd next button...
pressing calculate button...
PR47760: tax return: 53773
Pressing next button...
Attempting to input the export date...
pressing seocnd next button...
pressing calculate button...
PR32651: tax return: 16757
Pressing next button...
Attempting to input the export date...
pressing seocnd next button...
pressing calculate button...
BS97449: tax return: 26520
Pressing next button...
Attempting to input the export date...
pressing seocnd next button...
pressing calculate button...
DR56882: tax return: 57296
Pressing next button...
Attempting to input the export date...
pressing seocnd next button...
pressing calculate button...
DR68309: tax return: 37655
Pressing next button...
Attempting to input the export date...
pressing seocnd next button...
pressing calculate button...
DR22952: tax return: 25171
