Traceback (most recent call last):
  File "/home/ec2-user/autoflipp.online/flask-server/=OLX_VW.py", line 4, in <module>
    import TAX_RETURN
  File "/home/ec2-user/autoflipp.online/flask-server/TAX_RETURN.py", line 23, in <module>
    driver = webdriver.Chrome(service=service, options=options)
  File "/home/ec2-user/autoflipp.online/flask-server/venv/lib64/python3.9/site-packages/selenium/webdriver/chrome/webdriver.py", line 45, in __init__
    super().__init__(
  File "/home/ec2-user/autoflipp.online/flask-server/venv/lib64/python3.9/site-packages/selenium/webdriver/chromium/webdriver.py", line 66, in __init__
    super().__init__(command_executor=executor, options=options)
  File "/home/ec2-user/autoflipp.online/flask-server/venv/lib64/python3.9/site-packages/selenium/webdriver/remote/webdriver.py", line 208, in __init__
    self.start_session(capabilities)
  File "/home/ec2-user/autoflipp.online/flask-server/venv/lib64/python3.9/site-packages/selenium/webdriver/remote/webdriver.py", line 292, in start_session
    response = self.execute(Command.NEW_SESSION, caps)["value"]
  File "/home/ec2-user/autoflipp.online/flask-server/venv/lib64/python3.9/site-packages/selenium/webdriver/remote/webdriver.py", line 347, in execute
    self.error_handler.check_response(response)
  File "/home/ec2-user/autoflipp.online/flask-server/venv/lib64/python3.9/site-packages/selenium/webdriver/remote/errorhandler.py", line 229, in check_response
    raise exception_class(message, screen, stacktrace)
selenium.common.exceptions.SessionNotCreatedException: Message: session not created: DevToolsActivePort file doesn't exist
Stacktrace:
#0 0x563f4b636c7a <unknown>
#1 0x563f4b319e2c <unknown>
#2 0x563f4b354175 <unknown>
#3 0x563f4b34f2d1 <unknown>
#4 0x563f4b34b17b <unknown>
#5 0x563f4b395c49 <unknown>
#6 0x563f4b389363 <unknown>
#7 0x563f4b359247 <unknown>
#8 0x563f4b359b9e <unknown>
#9 0x563f4b5fd24b <unknown>
#10 0x563f4b6012f1 <unknown>
#11 0x563f4b5e8afe <unknown>
#12 0x563f4b601e52 <unknown>
#13 0x563f4b5cd79f <unknown>
#14 0x563f4b626638 <unknown>
#15 0x563f4b626810 <unknown>
#16 0x563f4b635dac <unknown>
#17 0x7f050d29f7f2 start_thread

Error: The JSON file was not found.
Error fetching data from OLX API: HTTPSConnectionPool(host='olx.ba', port=443): Max retries exceeded with url: /api/search?attr=3228323031302d393939393939293a372844697a656c29&attr_encoded=1&category_id=18&brand=89&models=0&brands=89&page=1&per_page=175 (Caused by NameResolutionError("<urllib3.connection.HTTPSConnection object at 0x7fbed645d2e0>: Failed to resolve 'olx.ba' ([Errno -2] Name or service not known)"))
Traceback (most recent call last):
  File "/home/ec2-user/autoflipp.online/flask-server/=OLX_VW.py", line 162, in <module>
    with open('data/=OLX_VW.json', 'w', encoding='utf-8') as json_file:
FileNotFoundError: [Errno 2] No such file or directory: 'data/=OLX_VW.json'
INFO:root:Checking for cookie consent button...
INFO:root:Cookie consent has been accepted from Tax Authority.
INFO:root:inputting regno into site...
INFO:root:Next section loaded successfully.
INFO:root:Inputting export date into site...
INFO:root:Next section loaded successfully.
INFO:root:Next section loaded successfully.
INFO:root:Checking for cookie consent button...
INFO:root:Cookie consent has been accepted from Tax Authority.
INFO:root:inputting regno into site...
INFO:root:Next section loaded successfully.
INFO:root:Inputting export date into site...
INFO:root:Next section loaded successfully.
INFO:root:Next section loaded successfully.
INFO:root:Checking for cookie consent button...
INFO:root:Cookie consent has been accepted from Tax Authority.
INFO:root:inputting regno into site...
INFO:root:Next section loaded successfully.
INFO:root:Inputting export date into site...
INFO:root:Next section loaded successfully.
INFO:root:Next section loaded successfully.
INFO:root:Checking for cookie consent button...
INFO:root:Cookie consent has been accepted from Tax Authority.
INFO:root:inputting regno into site...
INFO:root:Next section loaded successfully.
INFO:root:Inputting export date into site...
INFO:root:Next section loaded successfully.
INFO:root:Next section loaded successfully.
INFO:root:Checking for cookie consent button...
INFO:root:Cookie consent has been accepted from Tax Authority.
INFO:root:inputting regno into site...
INFO:root:Next section loaded successfully.
INFO:root:Inputting export date into site...
INFO:root:Next section loaded successfully.
INFO:root:Next section loaded successfully.
INFO:root:Checking for cookie consent button...
INFO:root:Cookie consent has been accepted from Tax Authority.
INFO:root:inputting regno into site...
INFO:root:Next section loaded successfully.
INFO:root:Inputting export date into site...
INFO:root:Next section loaded successfully.
INFO:root:Next section loaded successfully.
INFO:root:Checking for cookie consent button...
INFO:root:Cookie consent has been accepted from Tax Authority.
INFO:root:inputting regno into site...
INFO:root:Next section loaded successfully.
INFO:root:Inputting export date into site...
INFO:root:Next section loaded successfully.
INFO:root:Next section loaded successfully.
INFO:root:Checking for cookie consent button...
INFO:root:Cookie consent has been accepted from Tax Authority.
INFO:root:inputting regno into site...
INFO:root:Next section loaded successfully.
INFO:root:Inputting export date into site...
INFO:root:Next section loaded successfully.
INFO:root:Next section did not load. Retrying click.
ERROR:root:Failed to fetch tax-return for LJ 60378: Message: no such element: Unable to locate element: {"method":"css selector","selector":"#app-root > div > div > div.wiz-result2.is-success > div > div:nth-child(2) > div:nth-child(2) > div.calculation-red > div > div > div:nth-child(2)"}
  (Session info: chrome-headless-shell=126.0.6478.126); For documentation on this error, please visit: https://www.selenium.dev/documentation/webdriver/troubleshooting/errors#no-such-element-exception
Stacktrace:
#0 0x55a49f3c9c7a <unknown>
#1 0x55a49f0ace2c <unknown>
#2 0x55a49f0f9661 <unknown>
#3 0x55a49f0f9751 <unknown>
#4 0x55a49f13df64 <unknown>
#5 0x55a49f11c5ed <unknown>
#6 0x55a49f13b303 <unknown>
#7 0x55a49f11c363 <unknown>
#8 0x55a49f0ec247 <unknown>
#9 0x55a49f0ecb9e <unknown>
#10 0x55a49f39024b <unknown>
#11 0x55a49f3942f1 <unknown>
#12 0x55a49f37bafe <unknown>
#13 0x55a49f394e52 <unknown>
#14 0x55a49f36079f <unknown>
#15 0x55a49f3b9638 <unknown>
#16 0x55a49f3b9810 <unknown>
#17 0x55a49f3c8dac <unknown>
#18 0x7fc65429f7f2 start_thread

INFO:root:Checking for cookie consent button...
INFO:root:Cookie consent has been accepted from Tax Authority.
INFO:root:inputting regno into site...
INFO:root:Next section loaded successfully.
INFO:root:Inputting export date into site...
INFO:root:Next section loaded successfully.
INFO:root:Next section loaded successfully.
INFO:root:Checking for cookie consent button...
INFO:root:Cookie consent has been accepted from Tax Authority.
INFO:root:inputting regno into site...
INFO:root:Next section loaded successfully.
INFO:root:Inputting export date into site...
INFO:root:Next section loaded successfully.
INFO:root:Next section loaded successfully.
INFO:root:Checking for cookie consent button...
INFO:root:Cookie consent has been accepted from Tax Authority.
INFO:root:inputting regno into site...
INFO:root:Next section loaded successfully.
INFO:root:Inputting export date into site...
INFO:root:Next section loaded successfully.
INFO:root:Next section loaded successfully.
INFO:root:Checking for cookie consent button...
INFO:root:Cookie consent has been accepted from Tax Authority.
INFO:root:inputting regno into site...
INFO:root:Next section loaded successfully.
INFO:root:Inputting export date into site...
INFO:root:Next section loaded successfully.
INFO:root:Next section loaded successfully.
INFO:root:Checking for cookie consent button...
INFO:root:Cookie consent has been accepted from Tax Authority.
INFO:root:inputting regno into site...
INFO:root:Next section loaded successfully.
INFO:root:Inputting export date into site...
INFO:root:Next section loaded successfully.
INFO:root:Next section loaded successfully.
INFO:root:Checking for cookie consent button...
INFO:root:Cookie consent has been accepted from Tax Authority.
INFO:root:inputting regno into site...
INFO:root:Next section loaded successfully.
INFO:root:Inputting export date into site...
INFO:root:Next section loaded successfully.
INFO:root:Next section loaded successfully.
INFO:root:Checking for cookie consent button...
INFO:root:Cookie consent has been accepted from Tax Authority.
INFO:root:inputting regno into site...
INFO:root:Next section loaded successfully.
INFO:root:Inputting export date into site...
INFO:root:Next section loaded successfully.
INFO:root:Next section loaded successfully.
INFO:root:Checking for cookie consent button...
INFO:root:Cookie consent has been accepted from Tax Authority.
INFO:root:inputting regno into site...
INFO:root:Next section loaded successfully.
INFO:root:Inputting export date into site...
ERROR:root:Failed to fetch tax-return for LJ55777: Message: no such element: Unable to locate element: {"method":"css selector","selector":"button.button[type='button']"}
  (Session info: chrome-headless-shell=126.0.6478.126); For documentation on this error, please visit: https://www.selenium.dev/documentation/webdriver/troubleshooting/errors#no-such-element-exception
Stacktrace:
#0 0x55a49f3c9c7a <unknown>
#1 0x55a49f0ace2c <unknown>
#2 0x55a49f0f9661 <unknown>
#3 0x55a49f0f9751 <unknown>
#4 0x55a49f13df64 <unknown>
#5 0x55a49f11c5ed <unknown>
#6 0x55a49f13b303 <unknown>
#7 0x55a49f11c363 <unknown>
#8 0x55a49f0ec247 <unknown>
#9 0x55a49f0ecb9e <unknown>
#10 0x55a49f39024b <unknown>
#11 0x55a49f3942f1 <unknown>
#12 0x55a49f37bafe <unknown>
#13 0x55a49f394e52 <unknown>
#14 0x55a49f36079f <unknown>
#15 0x55a49f3b9638 <unknown>
#16 0x55a49f3b9810 <unknown>
#17 0x55a49f3c8dac <unknown>
#18 0x7fc65429f7f2 start_thread

INFO:root:Checking for cookie consent button...
INFO:root:Cookie consent has been accepted from Tax Authority.
INFO:root:inputting regno into site...
INFO:root:Next section loaded successfully.
INFO:root:Inputting export date into site...
INFO:root:Next section loaded successfully.
INFO:root:Next section loaded successfully.
INFO:root:Checking for cookie consent button...
INFO:root:Cookie consent has been accepted from Tax Authority.
INFO:root:inputting regno into site...
INFO:root:Next section loaded successfully.
INFO:root:Inputting export date into site...
INFO:root:Next section loaded successfully.
INFO:root:Next section did not load. Retrying click.
ERROR:root:Failed to fetch tax-return for BT 56553: Message: no such element: Unable to locate element: {"method":"css selector","selector":"#app-root > div > div > div.wiz-result2.is-success > div > div:nth-child(2) > div:nth-child(2) > div.calculation-red > div > div > div:nth-child(2)"}
  (Session info: chrome-headless-shell=126.0.6478.126); For documentation on this error, please visit: https://www.selenium.dev/documentation/webdriver/troubleshooting/errors#no-such-element-exception
Stacktrace:
#0 0x55a49f3c9c7a <unknown>
#1 0x55a49f0ace2c <unknown>
#2 0x55a49f0f9661 <unknown>
#3 0x55a49f0f9751 <unknown>
#4 0x55a49f13df64 <unknown>
#5 0x55a49f11c5ed <unknown>
#6 0x55a49f13b303 <unknown>
#7 0x55a49f11c363 <unknown>
#8 0x55a49f0ec247 <unknown>
#9 0x55a49f0ecb9e <unknown>
#10 0x55a49f39024b <unknown>
#11 0x55a49f3942f1 <unknown>
#12 0x55a49f37bafe <unknown>
#13 0x55a49f394e52 <unknown>
#14 0x55a49f36079f <unknown>
#15 0x55a49f3b9638 <unknown>
#16 0x55a49f3b9810 <unknown>
#17 0x55a49f3c8dac <unknown>
#18 0x7fc65429f7f2 start_thread

INFO:root:Checking for cookie consent button...
INFO:root:Cookie consent has been accepted from Tax Authority.
INFO:root:inputting regno into site...
INFO:root:Next section loaded successfully.
INFO:root:Inputting export date into site...
INFO:root:Next section loaded successfully.
INFO:root:Next section loaded successfully.
Pressing next button...
Attempting to input the export date...
pressing seocnd next button...
pressing calculate button...
BT12810: tax return: 16322
Pressing next button...
Attempting to input the export date...
pressing seocnd next button...
pressing calculate button...
HT17220: tax return: 5911
Pressing next button...
Attempting to input the export date...
pressing seocnd next button...
pressing calculate button...
UC29066: tax return: 8806
Pressing next button...
Attempting to input the export date...
pressing seocnd next button...
pressing calculate button...
SV63049: tax return: 16232
Pressing next button...
Attempting to input the export date...
pressing seocnd next button...
pressing calculate button...
DP83961: tax return: 16578
Pressing next button...
Attempting to input the export date...
pressing seocnd next button...
pressing calculate button...
VH66482: tax return: 21727
Pressing next button...
Attempting to input the export date...
pressing seocnd next button...
pressing calculate button...
FT63231: tax return: 16641
Pressing next button...
Attempting to input the export date...
pressing seocnd next button...
pressing calculate button...
Pressing next button...
Attempting to input the export date...
pressing seocnd next button...
pressing calculate button...
ZH48002: tax return: 12660
Pressing next button...
Attempting to input the export date...
pressing seocnd next button...
pressing calculate button...
YE97867: tax return: 41729
Pressing next button...
Attempting to input the export date...
pressing seocnd next button...
pressing calculate button...
UR94429: tax return: 19080
Pressing next button...
Attempting to input the export date...
pressing seocnd next button...
pressing calculate button...
CF87092: tax return: 38973
Pressing next button...
Attempting to input the export date...
pressing seocnd next button...
pressing calculate button...
JR31626: tax return: 38986
Pressing next button...
Attempting to input the export date...
pressing seocnd next button...
pressing calculate button...
NF81607: tax return: 32931
Pressing next button...
Attempting to input the export date...
pressing seocnd next button...
pressing calculate button...
BT65996: tax return: 31234
Pressing next button...
Attempting to input the export date...
pressing seocnd next button...
Pressing next button...
Attempting to input the export date...
pressing seocnd next button...
pressing calculate button...
XK26236: tax return: 42975
Pressing next button...
Attempting to input the export date...
pressing seocnd next button...
pressing calculate button...
Pressing next button...
Attempting to input the export date...
pressing seocnd next button...
pressing calculate button...
ZP46247: tax return: 16468
INFO:root:Checking for cookie consent button...
INFO:root:Cookie consent has been accepted from Tax Authority.
INFO:root:inputting regno into site...
INFO:root:Next section loaded successfully.
INFO:root:Inputting export date into site...
INFO:root:Next section loaded successfully.
INFO:root:Next section loaded successfully.
INFO:root:Checking for cookie consent button...
INFO:root:Cookie consent has been accepted from Tax Authority.
INFO:root:inputting regno into site...
INFO:root:Next section loaded successfully.
INFO:root:Inputting export date into site...
INFO:root:Next section loaded successfully.
INFO:root:Next section loaded successfully.
INFO:root:Checking for cookie consent button...
INFO:root:Cookie consent has been accepted from Tax Authority.
INFO:root:inputting regno into site...
INFO:root:Next section loaded successfully.
INFO:root:Inputting export date into site...
INFO:root:Next section loaded successfully.
INFO:root:Next section loaded successfully.
INFO:root:Checking for cookie consent button...
INFO:root:Cookie consent has been accepted from Tax Authority.
INFO:root:inputting regno into site...
INFO:root:Next section loaded successfully.
INFO:root:Inputting export date into site...
INFO:root:Next section loaded successfully.
INFO:root:Next section loaded successfully.
INFO:root:Checking for cookie consent button...
INFO:root:Cookie consent has been accepted from Tax Authority.
INFO:root:inputting regno into site...
INFO:root:Next section loaded successfully.
INFO:root:Inputting export date into site...
INFO:root:Next section loaded successfully.
INFO:root:Next section loaded successfully.
INFO:root:Checking for cookie consent button...
INFO:root:Cookie consent has been accepted from Tax Authority.
INFO:root:inputting regno into site...
INFO:root:Next section loaded successfully.
INFO:root:Inputting export date into site...
INFO:root:Next section loaded successfully.
INFO:root:Next section loaded successfully.
INFO:root:Checking for cookie consent button...
INFO:root:Cookie consent has been accepted from Tax Authority.
INFO:root:inputting regno into site...
INFO:root:Next section loaded successfully.
INFO:root:Inputting export date into site...
INFO:root:Next section loaded successfully.
INFO:root:Next section loaded successfully.
INFO:root:Checking for cookie consent button...
INFO:root:Cookie consent has been accepted from Tax Authority.
INFO:root:inputting regno into site...
INFO:root:Next section loaded successfully.
INFO:root:Inputting export date into site...
INFO:root:Next section loaded successfully.
INFO:root:Next section loaded successfully.
INFO:root:Checking for cookie consent button...
INFO:root:Cookie consent has been accepted from Tax Authority.
INFO:root:inputting regno into site...
INFO:root:Next section loaded successfully.
INFO:root:Inputting export date into site...
INFO:root:Next section loaded successfully.
INFO:root:Next section did not load. Retrying click.
INFO:root:Checking for cookie consent button...
INFO:root:Cookie consent has been accepted from Tax Authority.
INFO:root:inputting regno into site...
INFO:root:Next section loaded successfully.
INFO:root:Inputting export date into site...
INFO:root:Next section loaded successfully.
INFO:root:Next section did not load. Retrying click.
ERROR:root:Failed to fetch tax-return for LJ 60378: Message: no such element: Unable to locate element: {"method":"css selector","selector":"#app-root > div > div > div.wiz-result2.is-success > div > div:nth-child(2) > div:nth-child(2) > div.calculation-red > div > div > div:nth-child(2)"}
  (Session info: chrome-headless-shell=126.0.6478.126); For documentation on this error, please visit: https://www.selenium.dev/documentation/webdriver/troubleshooting/errors#no-such-element-exception
Stacktrace:
#0 0x5629d870bc7a <unknown>
#1 0x5629d83eee2c <unknown>
#2 0x5629d843b661 <unknown>
#3 0x5629d843b751 <unknown>
#4 0x5629d847ff64 <unknown>
#5 0x5629d845e5ed <unknown>
#6 0x5629d847d303 <unknown>
#7 0x5629d845e363 <unknown>
#8 0x5629d842e247 <unknown>
#9 0x5629d842eb9e <unknown>
#10 0x5629d86d224b <unknown>
#11 0x5629d86d62f1 <unknown>
#12 0x5629d86bdafe <unknown>
#13 0x5629d86d6e52 <unknown>
#14 0x5629d86a279f <unknown>
#15 0x5629d86fb638 <unknown>
#16 0x5629d86fb810 <unknown>
#17 0x5629d870adac <unknown>
#18 0x7f6c2429f7f2 start_thread

INFO:root:Checking for cookie consent button...
INFO:root:Cookie consent has been accepted from Tax Authority.
INFO:root:inputting regno into site...
INFO:root:Next section loaded successfully.
INFO:root:Inputting export date into site...
INFO:root:Next section loaded successfully.
INFO:root:Next section loaded successfully.
INFO:root:Checking for cookie consent button...
INFO:root:Cookie consent has been accepted from Tax Authority.
INFO:root:inputting regno into site...
INFO:root:Next section loaded successfully.
INFO:root:Inputting export date into site...
INFO:root:Next section loaded successfully.
INFO:root:Next section loaded successfully.
INFO:root:Checking for cookie consent button...
INFO:root:Cookie consent has been accepted from Tax Authority.
INFO:root:inputting regno into site...
INFO:root:Next section loaded successfully.
INFO:root:Inputting export date into site...
INFO:root:Next section loaded successfully.
INFO:root:Next section loaded successfully.
INFO:root:Checking for cookie consent button...
INFO:root:Cookie consent has been accepted from Tax Authority.
INFO:root:inputting regno into site...
INFO:root:Next section loaded successfully.
INFO:root:Inputting export date into site...
INFO:root:Next section loaded successfully.
INFO:root:Next section loaded successfully.
INFO:root:Checking for cookie consent button...
INFO:root:Cookie consent has been accepted from Tax Authority.
INFO:root:inputting regno into site...
INFO:root:Next section loaded successfully.
INFO:root:Inputting export date into site...
INFO:root:Next section loaded successfully.
INFO:root:Next section loaded successfully.
INFO:root:Checking for cookie consent button...
INFO:root:Cookie consent has been accepted from Tax Authority.
INFO:root:inputting regno into site...
INFO:root:Next section loaded successfully.
INFO:root:Inputting export date into site...
INFO:root:Next section loaded successfully.
INFO:root:Next section loaded successfully.
INFO:root:Checking for cookie consent button...
INFO:root:Cookie consent has been accepted from Tax Authority.
INFO:root:inputting regno into site...
INFO:root:Next section loaded successfully.
INFO:root:Inputting export date into site...
INFO:root:Next section loaded successfully.
INFO:root:Next section loaded successfully.
INFO:root:Checking for cookie consent button...
INFO:root:Cookie consent has been accepted from Tax Authority.
INFO:root:inputting regno into site...
INFO:root:Next section loaded successfully.
INFO:root:Inputting export date into site...
INFO:root:Next section loaded successfully.
INFO:root:Next section did not load. Retrying click.
ERROR:root:Failed to fetch tax-return for BT 56553: Message: no such element: Unable to locate element: {"method":"css selector","selector":"#app-root > div > div > div.wiz-result2.is-success > div > div:nth-child(2) > div:nth-child(2) > div.calculation-red > div > div > div:nth-child(2)"}
  (Session info: chrome-headless-shell=126.0.6478.126); For documentation on this error, please visit: https://www.selenium.dev/documentation/webdriver/troubleshooting/errors#no-such-element-exception
Stacktrace:
#0 0x5629d870bc7a <unknown>
#1 0x5629d83eee2c <unknown>
#2 0x5629d843b661 <unknown>
#3 0x5629d843b751 <unknown>
#4 0x5629d847ff64 <unknown>
#5 0x5629d845e5ed <unknown>
#6 0x5629d847d303 <unknown>
#7 0x5629d845e363 <unknown>
#8 0x5629d842e247 <unknown>
#9 0x5629d842eb9e <unknown>
#10 0x5629d86d224b <unknown>
#11 0x5629d86d62f1 <unknown>
#12 0x5629d86bdafe <unknown>
#13 0x5629d86d6e52 <unknown>
#14 0x5629d86a279f <unknown>
#15 0x5629d86fb638 <unknown>
#16 0x5629d86fb810 <unknown>
#17 0x5629d870adac <unknown>
#18 0x7f6c2429f7f2 start_thread

INFO:root:Checking for cookie consent button...
INFO:root:Cookie consent has been accepted from Tax Authority.
INFO:root:inputting regno into site...
INFO:root:Next section loaded successfully.
INFO:root:Inputting export date into site...
INFO:root:Next section loaded successfully.
INFO:root:Next section loaded successfully.
Pressing next button...
Attempting to input the export date...
pressing seocnd next button...
pressing calculate button...
LY77161: tax return: 30335
Pressing next button...
Attempting to input the export date...
pressing seocnd next button...
pressing calculate button...
KJ12547: tax return: 19332
Pressing next button...
Attempting to input the export date...
pressing seocnd next button...
pressing calculate button...
BT12810: tax return: 16322
Pressing next button...
Attempting to input the export date...
pressing seocnd next button...
pressing calculate button...
HT17220: tax return: 5911
Pressing next button...
Attempting to input the export date...
pressing seocnd next button...
pressing calculate button...
UC29066: tax return: 8806
Pressing next button...
Attempting to input the export date...
pressing seocnd next button...
pressing calculate button...
SV63049: tax return: 16232
Pressing next button...
Attempting to input the export date...
pressing seocnd next button...
pressing calculate button...
DP83961: tax return: 16578
Pressing next button...
Attempting to input the export date...
pressing seocnd next button...
pressing calculate button...
VH66482: tax return: 21727
Pressing next button...
Attempting to input the export date...
pressing seocnd next button...
pressing calculate button...
FT63231: tax return: 16641
Pressing next button...
Attempting to input the export date...
pressing seocnd next button...
pressing calculate button...
Pressing next button...
Attempting to input the export date...
pressing seocnd next button...
pressing calculate button...
ZH48002: tax return: 12660
Pressing next button...
Attempting to input the export date...
pressing seocnd next button...
pressing calculate button...
YE97867: tax return: 41729
Pressing next button...
Attempting to input the export date...
pressing seocnd next button...
pressing calculate button...
UR94429: tax return: 19080
Pressing next button...
Attempting to input the export date...
pressing seocnd next button...
pressing calculate button...
CF87092: tax return: 38973
Pressing next button...
Attempting to input the export date...
pressing seocnd next button...
pressing calculate button...
JR31626: tax return: 38986
Pressing next button...
Attempting to input the export date...
pressing seocnd next button...
pressing calculate button...
NF81607: tax return: 32931
Pressing next button...
Attempting to input the export date...
pressing seocnd next button...
pressing calculate button...
BT65996: tax return: 31234
Pressing next button...
Attempting to input the export date...
pressing seocnd next button...
pressing calculate button...
Pressing next button...
Attempting to input the export date...
pressing seocnd next button...
pressing calculate button...
ZP46247: tax return: 16468
INFO:root:Checking for cookie consent button...
INFO:root:Cookie consent has been accepted from Tax Authority.
INFO:root:inputting regno into site...
INFO:root:Next section loaded successfully.
INFO:root:Inputting export date into site...
INFO:root:Next section loaded successfully.
INFO:root:Next section loaded successfully.
INFO:root:Checking for cookie consent button...
INFO:root:Cookie consent has been accepted from Tax Authority.
INFO:root:inputting regno into site...
INFO:root:Next section loaded successfully.
INFO:root:Inputting export date into site...
INFO:root:Next section loaded successfully.
INFO:root:Next section loaded successfully.
INFO:root:Checking for cookie consent button...
INFO:root:Cookie consent has been accepted from Tax Authority.
INFO:root:inputting regno into site...
INFO:root:Next section loaded successfully.
INFO:root:Inputting export date into site...
INFO:root:Next section loaded successfully.
INFO:root:Next section loaded successfully.
INFO:root:Checking for cookie consent button...
INFO:root:Cookie consent has been accepted from Tax Authority.
INFO:root:inputting regno into site...
INFO:root:Next section loaded successfully.
INFO:root:Inputting export date into site...
INFO:root:Next section loaded successfully.
INFO:root:Next section loaded successfully.
INFO:root:Checking for cookie consent button...
INFO:root:Cookie consent has been accepted from Tax Authority.
INFO:root:inputting regno into site...
INFO:root:Next section loaded successfully.
INFO:root:Inputting export date into site...
INFO:root:Next section loaded successfully.
INFO:root:Next section loaded successfully.
INFO:root:Checking for cookie consent button...
INFO:root:Cookie consent has been accepted from Tax Authority.
INFO:root:inputting regno into site...
INFO:root:Next section loaded successfully.
INFO:root:Inputting export date into site...
INFO:root:Next section loaded successfully.
INFO:root:Next section loaded successfully.
INFO:root:Checking for cookie consent button...
INFO:root:Cookie consent has been accepted from Tax Authority.
INFO:root:inputting regno into site...
INFO:root:Next section loaded successfully.
INFO:root:Inputting export date into site...
INFO:root:Next section loaded successfully.
INFO:root:Next section loaded successfully.
INFO:root:Checking for cookie consent button...
INFO:root:Cookie consent has been accepted from Tax Authority.
INFO:root:inputting regno into site...
INFO:root:Next section loaded successfully.
INFO:root:Inputting export date into site...
INFO:root:Next section loaded successfully.
INFO:root:Next section loaded successfully.
INFO:root:Checking for cookie consent button...
INFO:root:Cookie consent has been accepted from Tax Authority.
INFO:root:inputting regno into site...
INFO:root:Next section loaded successfully.
INFO:root:Inputting export date into site...
INFO:root:Next section loaded successfully.
INFO:root:Next section loaded successfully.
INFO:root:Checking for cookie consent button...
INFO:root:Cookie consent has been accepted from Tax Authority.
INFO:root:inputting regno into site...
INFO:root:Next section loaded successfully.
INFO:root:Inputting export date into site...
INFO:root:Next section loaded successfully.
INFO:root:Next section did not load. Retrying click.
ERROR:root:Failed to fetch tax-return for LJ 60378: Message: no such element: Unable to locate element: {"method":"css selector","selector":"#app-root > div > div > div.wiz-result2.is-success > div > div:nth-child(2) > div:nth-child(2) > div.calculation-red > div > div > div:nth-child(2)"}
  (Session info: chrome-headless-shell=126.0.6478.126); For documentation on this error, please visit: https://www.selenium.dev/documentation/webdriver/troubleshooting/errors#no-such-element-exception
Stacktrace:
#0 0x55ae53da9c7a <unknown>
#1 0x55ae53a8ce2c <unknown>
#2 0x55ae53ad9661 <unknown>
#3 0x55ae53ad9751 <unknown>
#4 0x55ae53b1df64 <unknown>
#5 0x55ae53afc5ed <unknown>
#6 0x55ae53b1b303 <unknown>
#7 0x55ae53afc363 <unknown>
#8 0x55ae53acc247 <unknown>
#9 0x55ae53accb9e <unknown>
#10 0x55ae53d7024b <unknown>
#11 0x55ae53d742f1 <unknown>
#12 0x55ae53d5bafe <unknown>
#13 0x55ae53d74e52 <unknown>
#14 0x55ae53d4079f <unknown>
#15 0x55ae53d99638 <unknown>
#16 0x55ae53d99810 <unknown>
#17 0x55ae53da8dac <unknown>
#18 0x7f015c29f7f2 start_thread

INFO:root:Checking for cookie consent button...
INFO:root:Cookie consent has been accepted from Tax Authority.
INFO:root:inputting regno into site...
INFO:root:Next section loaded successfully.
INFO:root:Inputting export date into site...
INFO:root:Next section loaded successfully.
INFO:root:Next section loaded successfully.
INFO:root:Checking for cookie consent button...
INFO:root:Cookie consent has been accepted from Tax Authority.
INFO:root:inputting regno into site...
INFO:root:Next section loaded successfully.
INFO:root:Inputting export date into site...
INFO:root:Next section loaded successfully.
INFO:root:Next section loaded successfully.
INFO:root:Checking for cookie consent button...
INFO:root:Cookie consent has been accepted from Tax Authority.
INFO:root:inputting regno into site...
INFO:root:Next section loaded successfully.
INFO:root:Inputting export date into site...
INFO:root:Next section loaded successfully.
INFO:root:Next section loaded successfully.
INFO:root:Checking for cookie consent button...
INFO:root:Cookie consent has been accepted from Tax Authority.
INFO:root:inputting regno into site...
INFO:root:Next section loaded successfully.
INFO:root:Inputting export date into site...
INFO:root:Next section loaded successfully.
INFO:root:Next section loaded successfully.
INFO:root:Checking for cookie consent button...
INFO:root:Cookie consent has been accepted from Tax Authority.
INFO:root:inputting regno into site...
INFO:root:Next section loaded successfully.
INFO:root:Inputting export date into site...
INFO:root:Next section loaded successfully.
INFO:root:Next section loaded successfully.
INFO:root:Checking for cookie consent button...
INFO:root:Cookie consent has been accepted from Tax Authority.
INFO:root:inputting regno into site...
INFO:root:Next section loaded successfully.
INFO:root:Inputting export date into site...
INFO:root:Next section loaded successfully.
INFO:root:Next section loaded successfully.
INFO:root:Checking for cookie consent button...
INFO:root:Cookie consent has been accepted from Tax Authority.
INFO:root:inputting regno into site...
INFO:root:Next section loaded successfully.
INFO:root:Inputting export date into site...
INFO:root:Next section loaded successfully.
INFO:root:Next section loaded successfully.
INFO:root:Checking for cookie consent button...
INFO:root:Cookie consent has been accepted from Tax Authority.
INFO:root:inputting regno into site...
INFO:root:Next section loaded successfully.
INFO:root:Inputting export date into site...
ERROR:root:Failed to fetch tax-return for LJ55777: Message: no such element: Unable to locate element: {"method":"css selector","selector":"button.button[type='button']"}
  (Session info: chrome-headless-shell=126.0.6478.126); For documentation on this error, please visit: https://www.selenium.dev/documentation/webdriver/troubleshooting/errors#no-such-element-exception
Stacktrace:
#0 0x55ae53da9c7a <unknown>
#1 0x55ae53a8ce2c <unknown>
#2 0x55ae53ad9661 <unknown>
#3 0x55ae53ad9751 <unknown>
#4 0x55ae53b1df64 <unknown>
#5 0x55ae53afc5ed <unknown>
#6 0x55ae53b1b303 <unknown>
#7 0x55ae53afc363 <unknown>
#8 0x55ae53acc247 <unknown>
#9 0x55ae53accb9e <unknown>
#10 0x55ae53d7024b <unknown>
#11 0x55ae53d742f1 <unknown>
#12 0x55ae53d5bafe <unknown>
#13 0x55ae53d74e52 <unknown>
#14 0x55ae53d4079f <unknown>
#15 0x55ae53d99638 <unknown>
#16 0x55ae53d99810 <unknown>
#17 0x55ae53da8dac <unknown>
#18 0x7f015c29f7f2 start_thread

INFO:root:Checking for cookie consent button...
INFO:root:Cookie consent has been accepted from Tax Authority.
INFO:root:inputting regno into site...
INFO:root:Next section loaded successfully.
INFO:root:Inputting export date into site...
INFO:root:Next section loaded successfully.
INFO:root:Next section loaded successfully.
Pressing next button...
Attempting to input the export date...
pressing seocnd next button...
pressing calculate button...
KJ12547: tax return: 19332
Pressing next button...
Attempting to input the export date...
pressing seocnd next button...
pressing calculate button...
BT12810: tax return: 16322
Pressing next button...
Attempting to input the export date...
pressing seocnd next button...
pressing calculate button...
HT17220: tax return: 5911
Pressing next button...
Attempting to input the export date...
pressing seocnd next button...
pressing calculate button...
UC29066: tax return: 8806
Pressing next button...
Attempting to input the export date...
pressing seocnd next button...
pressing calculate button...
SV63049: tax return: 16232
Pressing next button...
Attempting to input the export date...
pressing seocnd next button...
pressing calculate button...
RL20672: tax return: 11403
Pressing next button...
Attempting to input the export date...
pressing seocnd next button...
pressing calculate button...
DP83961: tax return: 16578
Pressing next button...
Attempting to input the export date...
pressing seocnd next button...
pressing calculate button...
VH66482: tax return: 21727
Pressing next button...
Attempting to input the export date...
pressing seocnd next button...
pressing calculate button...
FT63231: tax return: 16641
Pressing next button...
Attempting to input the export date...
pressing seocnd next button...
pressing calculate button...
Pressing next button...
Attempting to input the export date...
pressing seocnd next button...
pressing calculate button...
ZH48002: tax return: 12660
Pressing next button...
Attempting to input the export date...
pressing seocnd next button...
pressing calculate button...
YE97867: tax return: 41729
Pressing next button...
Attempting to input the export date...
pressing seocnd next button...
pressing calculate button...
UR94429: tax return: 19080
Pressing next button...
Attempting to input the export date...
pressing seocnd next button...
pressing calculate button...
CF87092: tax return: 38973
Pressing next button...
Attempting to input the export date...
pressing seocnd next button...
pressing calculate button...
JR31626: tax return: 38986
Pressing next button...
Attempting to input the export date...
pressing seocnd next button...
pressing calculate button...
NF81607: tax return: 32931
Pressing next button...
Attempting to input the export date...
pressing seocnd next button...
pressing calculate button...
BT65996: tax return: 31234
Pressing next button...
Attempting to input the export date...
pressing seocnd next button...
Pressing next button...
Attempting to input the export date...
pressing seocnd next button...
pressing calculate button...
ZP46247: tax return: 16468
Error fetching data from OLX API: HTTPSConnectionPool(host='olx.ba', port=443): Max retries exceeded with url: /api/search?attr=3228323031302d393939393939293a372844697a656c29&attr_encoded=1&category_id=18&brand=89&models=0&brands=89&page=1&per_page=175 (Caused by NameResolutionError("<urllib3.connection.HTTPSConnection object at 0x7f518931e7f0>: Failed to resolve 'olx.ba' ([Errno -2] Name or service not known)"))
INFO:root:Checking for cookie consent button...
INFO:root:Cookie consent has been accepted from Tax Authority.
INFO:root:inputting regno into site...
INFO:root:Next section loaded successfully.
INFO:root:Inputting export date into site...
INFO:root:Next section loaded successfully.
INFO:root:Next section loaded successfully.
INFO:root:Checking for cookie consent button...
INFO:root:Cookie consent has been accepted from Tax Authority.
INFO:root:inputting regno into site...
INFO:root:Next section loaded successfully.
INFO:root:Inputting export date into site...
INFO:root:Next section loaded successfully.
INFO:root:Next section loaded successfully.
INFO:root:Checking for cookie consent button...
INFO:root:Cookie consent has been accepted from Tax Authority.
INFO:root:inputting regno into site...
INFO:root:Next section loaded successfully.
INFO:root:Inputting export date into site...
INFO:root:Next section loaded successfully.
INFO:root:Next section loaded successfully.
INFO:root:Checking for cookie consent button...
INFO:root:Cookie consent has been accepted from Tax Authority.
INFO:root:inputting regno into site...
INFO:root:Next section loaded successfully.
INFO:root:Inputting export date into site...
INFO:root:Next section loaded successfully.
INFO:root:Next section loaded successfully.
INFO:root:Checking for cookie consent button...
INFO:root:Cookie consent has been accepted from Tax Authority.
INFO:root:inputting regno into site...
INFO:root:Next section loaded successfully.
INFO:root:Inputting export date into site...
INFO:root:Next section loaded successfully.
INFO:root:Next section loaded successfully.
INFO:root:Checking for cookie consent button...
INFO:root:Cookie consent has been accepted from Tax Authority.
INFO:root:inputting regno into site...
INFO:root:Next section loaded successfully.
INFO:root:Inputting export date into site...
INFO:root:Next section loaded successfully.
INFO:root:Next section loaded successfully.
INFO:root:Checking for cookie consent button...
INFO:root:Cookie consent has been accepted from Tax Authority.
INFO:root:inputting regno into site...
INFO:root:Next section loaded successfully.
INFO:root:Inputting export date into site...
INFO:root:Next section loaded successfully.
INFO:root:Next section loaded successfully.
INFO:root:Checking for cookie consent button...
INFO:root:Cookie consent has been accepted from Tax Authority.
INFO:root:inputting regno into site...
INFO:root:Next section loaded successfully.
INFO:root:Inputting export date into site...
INFO:root:Next section loaded successfully.
INFO:root:Next section loaded successfully.
INFO:root:Checking for cookie consent button...
INFO:root:Cookie consent has been accepted from Tax Authority.
INFO:root:inputting regno into site...
INFO:root:Next section loaded successfully.
INFO:root:Inputting export date into site...
INFO:root:Next section loaded successfully.
INFO:root:Next section loaded successfully.
INFO:root:Checking for cookie consent button...
INFO:root:Cookie consent has been accepted from Tax Authority.
INFO:root:inputting regno into site...
INFO:root:Next section loaded successfully.
INFO:root:Inputting export date into site...
INFO:root:Next section loaded successfully.
INFO:root:Next section loaded successfully.
INFO:root:Checking for cookie consent button...
INFO:root:Cookie consent has been accepted from Tax Authority.
INFO:root:inputting regno into site...
INFO:root:Next section loaded successfully.
INFO:root:Inputting export date into site...
INFO:root:Next section loaded successfully.
INFO:root:Next section loaded successfully.
INFO:root:Checking for cookie consent button...
INFO:root:Cookie consent has been accepted from Tax Authority.
INFO:root:inputting regno into site...
INFO:root:Next section loaded successfully.
INFO:root:Inputting export date into site...
INFO:root:Next section loaded successfully.
INFO:root:Next section loaded successfully.
INFO:root:Checking for cookie consent button...
INFO:root:Cookie consent has been accepted from Tax Authority.
INFO:root:inputting regno into site...
INFO:root:Next section loaded successfully.
INFO:root:Inputting export date into site...
INFO:root:Next section loaded successfully.
INFO:root:Next section loaded successfully.
INFO:root:Checking for cookie consent button...
INFO:root:Cookie consent has been accepted from Tax Authority.
INFO:root:inputting regno into site...
INFO:root:Next section loaded successfully.
INFO:root:Inputting export date into site...
INFO:root:Next section loaded successfully.
INFO:root:Next section did not load. Retrying click.
ERROR:root:Failed to fetch tax-return for LJ 60378: Message: no such element: Unable to locate element: {"method":"css selector","selector":"#app-root > div > div > div.wiz-result2.is-success > div > div:nth-child(2) > div:nth-child(2) > div.calculation-red > div > div > div:nth-child(2)"}
  (Session info: chrome-headless-shell=126.0.6478.126); For documentation on this error, please visit: https://www.selenium.dev/documentation/webdriver/troubleshooting/errors#no-such-element-exception
Stacktrace:
#0 0x56203d128c7a <unknown>
#1 0x56203ce0be2c <unknown>
#2 0x56203ce58661 <unknown>
#3 0x56203ce58751 <unknown>
#4 0x56203ce9cf64 <unknown>
#5 0x56203ce7b5ed <unknown>
#6 0x56203ce9a303 <unknown>
#7 0x56203ce7b363 <unknown>
#8 0x56203ce4b247 <unknown>
#9 0x56203ce4bb9e <unknown>
#10 0x56203d0ef24b <unknown>
#11 0x56203d0f32f1 <unknown>
#12 0x56203d0daafe <unknown>
#13 0x56203d0f3e52 <unknown>
#14 0x56203d0bf79f <unknown>
#15 0x56203d118638 <unknown>
#16 0x56203d118810 <unknown>
#17 0x56203d127dac <unknown>
#18 0x7faf2229f7f2 start_thread

INFO:root:Checking for cookie consent button...
INFO:root:Cookie consent has been accepted from Tax Authority.
INFO:root:inputting regno into site...
INFO:root:Next section loaded successfully.
INFO:root:Inputting export date into site...
INFO:root:Next section loaded successfully.
INFO:root:Next section loaded successfully.
INFO:root:Checking for cookie consent button...
INFO:root:Cookie consent has been accepted from Tax Authority.
INFO:root:inputting regno into site...
INFO:root:Next section loaded successfully.
INFO:root:Inputting export date into site...
INFO:root:Next section loaded successfully.
INFO:root:Next section loaded successfully.
INFO:root:Checking for cookie consent button...
INFO:root:Cookie consent has been accepted from Tax Authority.
INFO:root:inputting regno into site...
INFO:root:Next section loaded successfully.
INFO:root:Inputting export date into site...
INFO:root:Next section loaded successfully.
INFO:root:Next section loaded successfully.
INFO:root:Checking for cookie consent button...
INFO:root:Cookie consent has been accepted from Tax Authority.
INFO:root:inputting regno into site...
INFO:root:Next section loaded successfully.
INFO:root:Inputting export date into site...
INFO:root:Next section loaded successfully.
INFO:root:Next section loaded successfully.
INFO:root:Checking for cookie consent button...
INFO:root:Cookie consent has been accepted from Tax Authority.
INFO:root:inputting regno into site...
INFO:root:Next section loaded successfully.
INFO:root:Inputting export date into site...
INFO:root:Next section loaded successfully.
INFO:root:Next section loaded successfully.
INFO:root:Checking for cookie consent button...
INFO:root:Cookie consent has been accepted from Tax Authority.
INFO:root:inputting regno into site...
INFO:root:Next section loaded successfully.
INFO:root:Inputting export date into site...
INFO:root:Next section loaded successfully.
INFO:root:Next section loaded successfully.
Pressing next button...
Attempting to input the export date...
pressing seocnd next button...
pressing calculate button...
RL19245: tax return: 10042
Pressing next button...
Attempting to input the export date...
pressing seocnd next button...
pressing calculate button...
RL39663: tax return: 15045
Pressing next button...
Attempting to input the export date...
pressing seocnd next button...
pressing calculate button...
PR26780: tax return: 6652
Pressing next button...
Attempting to input the export date...
pressing seocnd next button...
pressing calculate button...
HJ99350: tax return: 23907
Pressing next button...
Attempting to input the export date...
pressing seocnd next button...
pressing calculate button...
DR46977: tax return: 14067
Pressing next button...
Attempting to input the export date...
pressing seocnd next button...
pressing calculate button...
NF81934: tax return: 25430
Pressing next button...
Attempting to input the export date...
pressing seocnd next button...
pressing calculate button...
TV89132: tax return: 31989
Pressing next button...
Attempting to input the export date...
pressing seocnd next button...
pressing calculate button...
KJ12819: tax return: 8762
Pressing next button...
Attempting to input the export date...
pressing seocnd next button...
pressing calculate button...
KJ12547: tax return: 19332
Pressing next button...
Attempting to input the export date...
pressing seocnd next button...
pressing calculate button...
BT12810: tax return: 16322
Pressing next button...
Attempting to input the export date...
pressing seocnd next button...
pressing calculate button...
SV63049: tax return: 16232
Pressing next button...
Attempting to input the export date...
pressing seocnd next button...
pressing calculate button...
DP83961: tax return: 16578
Pressing next button...
Attempting to input the export date...
pressing seocnd next button...
pressing calculate button...
VH66482: tax return: 21727
Pressing next button...
Attempting to input the export date...
pressing seocnd next button...
pressing calculate button...
Pressing next button...
Attempting to input the export date...
pressing seocnd next button...
pressing calculate button...
YE97867: tax return: 41729
Pressing next button...
Attempting to input the export date...
pressing seocnd next button...
pressing calculate button...
UR94429: tax return: 19080
Pressing next button...
Attempting to input the export date...
pressing seocnd next button...
pressing calculate button...
JR31626: tax return: 38986
Pressing next button...
Attempting to input the export date...
pressing seocnd next button...
pressing calculate button...
NF81607: tax return: 32931
Pressing next button...
Attempting to input the export date...
pressing seocnd next button...
pressing calculate button...
UF73856: tax return: 33928
Pressing next button...
Attempting to input the export date...
pressing seocnd next button...
pressing calculate button...
LY77047: tax return: 30335
Error fetching data from OLX API: HTTPSConnectionPool(host='olx.ba', port=443): Max retries exceeded with url: /api/search?attr=3228323031302d393939393939293a372844697a656c29&attr_encoded=1&category_id=18&brand=89&models=0&brands=89&page=1&per_page=175 (Caused by NameResolutionError("<urllib3.connection.HTTPSConnection object at 0x7f22933537f0>: Failed to resolve 'olx.ba' ([Errno -2] Name or service not known)"))
