Traceback (most recent call last):
  File "/home/ec2-user/autoflipp.online/flask-server/=OLX_PEUGEOT.py", line 4, in <module>
    import TAX_RETURN
  File "/home/ec2-user/autoflipp.online/flask-server/TAX_RETURN.py", line 23, in <module>
    driver = webdriver.Chrome(service=service, options=options)
  File "/home/ec2-user/autoflipp.online/flask-server/venv/lib64/python3.9/site-packages/selenium/webdriver/chrome/webdriver.py", line 45, in __init__
    super().__init__(
  File "/home/ec2-user/autoflipp.online/flask-server/venv/lib64/python3.9/site-packages/selenium/webdriver/chromium/webdriver.py", line 66, in __init__
    super().__init__(command_executor=executor, options=options)
  File "/home/ec2-user/autoflipp.online/flask-server/venv/lib64/python3.9/site-packages/selenium/webdriver/remote/webdriver.py", line 208, in __init__
    self.start_session(capabilities)
  File "/home/ec2-user/autoflipp.online/flask-server/venv/lib64/python3.9/site-packages/selenium/webdriver/remote/webdriver.py", line 292, in start_session
    response = self.execute(Command.NEW_SESSION, caps)["value"]
  File "/home/ec2-user/autoflipp.online/flask-server/venv/lib64/python3.9/site-packages/selenium/webdriver/remote/webdriver.py", line 347, in execute
    self.error_handler.check_response(response)
  File "/home/ec2-user/autoflipp.online/flask-server/venv/lib64/python3.9/site-packages/selenium/webdriver/remote/errorhandler.py", line 229, in check_response
    raise exception_class(message, screen, stacktrace)
selenium.common.exceptions.SessionNotCreatedException: Message: session not created: DevToolsActivePort file doesn't exist
Stacktrace:
#0 0x55dab8179c7a <unknown>
#1 0x55dab7e5ce2c <unknown>
#2 0x55dab7e97175 <unknown>
#3 0x55dab7e922d1 <unknown>
#4 0x55dab7e8e17b <unknown>
#5 0x55dab7ed8c49 <unknown>
#6 0x55dab7ecc363 <unknown>
#7 0x55dab7e9c247 <unknown>
#8 0x55dab7e9cb9e <unknown>
#9 0x55dab814024b <unknown>
#10 0x55dab81442f1 <unknown>
#11 0x55dab812bafe <unknown>
#12 0x55dab8144e52 <unknown>
#13 0x55dab811079f <unknown>
#14 0x55dab8169638 <unknown>
#15 0x55dab8169810 <unknown>
#16 0x55dab8178dac <unknown>
#17 0x7f853229f7f2 start_thread

Error: The JSON file was not found.
Error fetching data from OLX API: HTTPSConnectionPool(host='olx.ba', port=443): Max retries exceeded with url: /api/search?attr=3228323031302d393939393939293a372844697a656c29&attr_encoded=1&category_id=18&brand=65&models=0&brands=65&page=1&per_page=175 (Caused by NameResolutionError("<urllib3.connection.HTTPSConnection object at 0x7fccd3ff72e0>: Failed to resolve 'olx.ba' ([Errno -2] Name or service not known)"))
Traceback (most recent call last):
  File "/home/ec2-user/autoflipp.online/flask-server/=OLX_PEUGEOT.py", line 162, in <module>
    with open('data/=OLX_PEUGEOT.json', 'w', encoding='utf-8') as json_file:
FileNotFoundError: [Errno 2] No such file or directory: 'data/=OLX_PEUGEOT.json'
INFO:root:Checking for cookie consent button...
INFO:root:Cookie consent has been accepted from Tax Authority.
INFO:root:inputting regno into site...
INFO:root:Next section loaded successfully.
INFO:root:Inputting export date into site...
INFO:root:Next section loaded successfully.
INFO:root:Next section loaded successfully.
INFO:root:Checking for cookie consent button...
INFO:root:Cookie consent has been accepted from Tax Authority.
INFO:root:inputting regno into site...
INFO:root:Next section loaded successfully.
INFO:root:Inputting export date into site...
INFO:root:Next section loaded successfully.
INFO:root:Next section did not load. Retrying click.
INFO:root:Checking for cookie consent button...
INFO:root:Cookie consent has been accepted from Tax Authority.
INFO:root:inputting regno into site...
INFO:root:Next section loaded successfully.
INFO:root:Inputting export date into site...
INFO:root:Next section loaded successfully.
INFO:root:Next section loaded successfully.
INFO:root:Checking for cookie consent button...
INFO:root:Cookie consent has been accepted from Tax Authority.
INFO:root:inputting regno into site...
INFO:root:Next section loaded successfully.
INFO:root:Inputting export date into site...
INFO:root:Next section loaded successfully.
INFO:root:Next section loaded successfully.
INFO:root:Checking for cookie consent button...
INFO:root:Cookie consent has been accepted from Tax Authority.
INFO:root:inputting regno into site...
INFO:root:Next section loaded successfully.
INFO:root:Inputting export date into site...
INFO:root:Next section loaded successfully.
INFO:root:Next section loaded successfully.
INFO:root:Checking for cookie consent button...
INFO:root:Cookie consent has been accepted from Tax Authority.
INFO:root:inputting regno into site...
INFO:root:Next section loaded successfully.
INFO:root:Inputting export date into site...
INFO:root:Next section loaded successfully.
INFO:root:Next section loaded successfully.
INFO:root:Checking for cookie consent button...
INFO:root:Cookie consent has been accepted from Tax Authority.
INFO:root:inputting regno into site...
INFO:root:Next section loaded successfully.
INFO:root:Inputting export date into site...
INFO:root:Next section loaded successfully.
INFO:root:Next section loaded successfully.
INFO:root:Checking for cookie consent button...
INFO:root:Cookie consent has been accepted from Tax Authority.
INFO:root:inputting regno into site...
INFO:root:Next section loaded successfully.
INFO:root:Inputting export date into site...
INFO:root:Next section loaded successfully.
INFO:root:Next section loaded successfully.
INFO:root:Checking for cookie consent button...
INFO:root:Cookie consent has been accepted from Tax Authority.
INFO:root:inputting regno into site...
INFO:root:Next section loaded successfully.
INFO:root:Inputting export date into site...
INFO:root:Next section loaded successfully.
INFO:root:Next section loaded successfully.
Pressing next button...
Attempting to input the export date...
pressing seocnd next button...
pressing calculate button...
UR98128: tax return: 24115
Pressing next button...
Attempting to input the export date...
pressing seocnd next button...
pressing calculate button...
DR53622: tax return: 34151
Pressing next button...
Attempting to input the export date...
pressing seocnd next button...
pressing calculate button...
BT19251: tax return: 17627
Pressing next button...
Attempting to input the export date...
pressing seocnd next button...
pressing calculate button...
ZP48066: tax return: 29886
Pressing next button...
Attempting to input the export date...
pressing seocnd next button...
pressing calculate button...
BT54639: tax return: 15774
Pressing next button...
Attempting to input the export date...
pressing seocnd next button...
pressing calculate button...
DP66472: tax return: 10033
Pressing next button...
Attempting to input the export date...
pressing seocnd next button...
pressing calculate button...
RK93266: tax return: 21070
Pressing next button...
Attempting to input the export date...
pressing seocnd next button...
pressing calculate button...
DR14986: tax return: 15960
Pressing next button...
Attempting to input the export date...
pressing seocnd next button...
pressing calculate button...
CF96534: tax return: 13247
INFO:root:Checking for cookie consent button...
INFO:root:Cookie consent has been accepted from Tax Authority.
INFO:root:inputting regno into site...
INFO:root:Next section loaded successfully.
INFO:root:Inputting export date into site...
INFO:root:Next section loaded successfully.
INFO:root:Next section loaded successfully.
INFO:root:Checking for cookie consent button...
INFO:root:Cookie consent has been accepted from Tax Authority.
INFO:root:inputting regno into site...
INFO:root:Next section loaded successfully.
INFO:root:Inputting export date into site...
INFO:root:Next section loaded successfully.
INFO:root:Next section loaded successfully.
INFO:root:Checking for cookie consent button...
INFO:root:Cookie consent has been accepted from Tax Authority.
INFO:root:inputting regno into site...
INFO:root:Next section loaded successfully.
INFO:root:Inputting export date into site...
INFO:root:Next section loaded successfully.
INFO:root:Next section loaded successfully.
INFO:root:Checking for cookie consent button...
INFO:root:Cookie consent has been accepted from Tax Authority.
INFO:root:inputting regno into site...
INFO:root:Next section loaded successfully.
INFO:root:Inputting export date into site...
INFO:root:Next section loaded successfully.
INFO:root:Next section loaded successfully.
INFO:root:Checking for cookie consent button...
INFO:root:Cookie consent has been accepted from Tax Authority.
INFO:root:inputting regno into site...
INFO:root:Next section loaded successfully.
INFO:root:Inputting export date into site...
INFO:root:Next section loaded successfully.
INFO:root:Next section loaded successfully.
INFO:root:Checking for cookie consent button...
INFO:root:Cookie consent has been accepted from Tax Authority.
INFO:root:inputting regno into site...
INFO:root:Next section loaded successfully.
INFO:root:Inputting export date into site...
INFO:root:Next section loaded successfully.
INFO:root:Next section loaded successfully.
INFO:root:Checking for cookie consent button...
INFO:root:Cookie consent has been accepted from Tax Authority.
INFO:root:inputting regno into site...
INFO:root:Next section loaded successfully.
INFO:root:Inputting export date into site...
INFO:root:Next section loaded successfully.
INFO:root:Next section loaded successfully.
INFO:root:Checking for cookie consent button...
INFO:root:Cookie consent has been accepted from Tax Authority.
INFO:root:inputting regno into site...
INFO:root:Next section loaded successfully.
INFO:root:Inputting export date into site...
INFO:root:Next section loaded successfully.
INFO:root:Next section loaded successfully.
INFO:root:Checking for cookie consent button...
INFO:root:Cookie consent has been accepted from Tax Authority.
INFO:root:inputting regno into site...
INFO:root:Next section loaded successfully.
INFO:root:Inputting export date into site...
INFO:root:Next section loaded successfully.
INFO:root:Next section loaded successfully.
Pressing next button...
Attempting to input the export date...
pressing seocnd next button...
pressing calculate button...
UR98128: tax return: 24115
Pressing next button...
Attempting to input the export date...
pressing seocnd next button...
pressing calculate button...
DR53622: tax return: 34151
Pressing next button...
Attempting to input the export date...
pressing seocnd next button...
pressing calculate button...
BT19251: tax return: 17627
Pressing next button...
Attempting to input the export date...
pressing seocnd next button...
pressing calculate button...
ZP48066: tax return: 29886
Pressing next button...
Attempting to input the export date...
pressing seocnd next button...
pressing calculate button...
BT54639: tax return: 15774
Pressing next button...
Attempting to input the export date...
pressing seocnd next button...
pressing calculate button...
DP66472: tax return: 10033
Pressing next button...
Attempting to input the export date...
pressing seocnd next button...
pressing calculate button...
RK93266: tax return: 21070
Pressing next button...
Attempting to input the export date...
pressing seocnd next button...
pressing calculate button...
DR14986: tax return: 15960
Pressing next button...
Attempting to input the export date...
pressing seocnd next button...
pressing calculate button...
CF96534: tax return: 13247
INFO:root:Checking for cookie consent button...
INFO:root:Cookie consent has been accepted from Tax Authority.
INFO:root:inputting regno into site...
INFO:root:Next section loaded successfully.
INFO:root:Inputting export date into site...
INFO:root:Next section loaded successfully.
INFO:root:Next section loaded successfully.
INFO:root:Checking for cookie consent button...
INFO:root:Cookie consent has been accepted from Tax Authority.
INFO:root:inputting regno into site...
INFO:root:Next section loaded successfully.
INFO:root:Inputting export date into site...
INFO:root:Next section loaded successfully.
INFO:root:Next section loaded successfully.
INFO:root:Checking for cookie consent button...
INFO:root:Cookie consent has been accepted from Tax Authority.
INFO:root:inputting regno into site...
INFO:root:Next section loaded successfully.
INFO:root:Inputting export date into site...
INFO:root:Next section loaded successfully.
INFO:root:Next section loaded successfully.
INFO:root:Checking for cookie consent button...
INFO:root:Cookie consent has been accepted from Tax Authority.
INFO:root:inputting regno into site...
INFO:root:Next section loaded successfully.
INFO:root:Inputting export date into site...
INFO:root:Next section loaded successfully.
INFO:root:Next section loaded successfully.
INFO:root:Checking for cookie consent button...
INFO:root:Cookie consent has been accepted from Tax Authority.
INFO:root:inputting regno into site...
INFO:root:Next section loaded successfully.
INFO:root:Inputting export date into site...
INFO:root:Next section loaded successfully.
INFO:root:Next section loaded successfully.
INFO:root:Checking for cookie consent button...
INFO:root:Cookie consent has been accepted from Tax Authority.
INFO:root:inputting regno into site...
INFO:root:Next section loaded successfully.
INFO:root:Inputting export date into site...
INFO:root:Next section loaded successfully.
INFO:root:Next section loaded successfully.
INFO:root:Checking for cookie consent button...
INFO:root:Cookie consent has been accepted from Tax Authority.
INFO:root:inputting regno into site...
INFO:root:Next section loaded successfully.
INFO:root:Inputting export date into site...
INFO:root:Next section loaded successfully.
INFO:root:Next section loaded successfully.
INFO:root:Checking for cookie consent button...
INFO:root:Cookie consent has been accepted from Tax Authority.
INFO:root:inputting regno into site...
INFO:root:Next section loaded successfully.
INFO:root:Inputting export date into site...
INFO:root:Next section loaded successfully.
INFO:root:Next section loaded successfully.
INFO:root:Checking for cookie consent button...
INFO:root:Cookie consent has been accepted from Tax Authority.
INFO:root:inputting regno into site...
INFO:root:Next section loaded successfully.
INFO:root:Inputting export date into site...
INFO:root:Next section loaded successfully.
INFO:root:Next section loaded successfully.
Pressing next button...
Attempting to input the export date...
pressing seocnd next button...
pressing calculate button...
UR98128: tax return: 24115
Pressing next button...
Attempting to input the export date...
pressing seocnd next button...
pressing calculate button...
DR53622: tax return: 34151
Pressing next button...
Attempting to input the export date...
pressing seocnd next button...
pressing calculate button...
BT19251: tax return: 17627
Pressing next button...
Attempting to input the export date...
pressing seocnd next button...
pressing calculate button...
ZP48066: tax return: 29886
Pressing next button...
Attempting to input the export date...
pressing seocnd next button...
pressing calculate button...
BT54639: tax return: 15774
Pressing next button...
Attempting to input the export date...
pressing seocnd next button...
pressing calculate button...
DP66472: tax return: 10033
Pressing next button...
Attempting to input the export date...
pressing seocnd next button...
pressing calculate button...
RK93266: tax return: 21070
Pressing next button...
Attempting to input the export date...
pressing seocnd next button...
pressing calculate button...
DR14986: tax return: 15960
Pressing next button...
Attempting to input the export date...
pressing seocnd next button...
pressing calculate button...
CF96534: tax return: 13247
Error fetching data from OLX API: HTTPSConnectionPool(host='olx.ba', port=443): Max retries exceeded with url: /api/search?attr=3228323031302d393939393939293a372844697a656c29&attr_encoded=1&category_id=18&brand=65&models=0&brands=65&page=1&per_page=175 (Caused by NameResolutionError("<urllib3.connection.HTTPSConnection object at 0x7f2049d5d7c0>: Failed to resolve 'olx.ba' ([Errno -2] Name or service not known)"))
INFO:root:Checking for cookie consent button...
INFO:root:Cookie consent has been accepted from Tax Authority.
INFO:root:inputting regno into site...
INFO:root:Next section loaded successfully.
INFO:root:Inputting export date into site...
INFO:root:Next section loaded successfully.
INFO:root:Next section loaded successfully.
INFO:root:Checking for cookie consent button...
INFO:root:Cookie consent has been accepted from Tax Authority.
INFO:root:inputting regno into site...
INFO:root:Next section loaded successfully.
INFO:root:Inputting export date into site...
INFO:root:Next section loaded successfully.
INFO:root:Next section loaded successfully.
INFO:root:Checking for cookie consent button...
INFO:root:Cookie consent has been accepted from Tax Authority.
INFO:root:inputting regno into site...
INFO:root:Next section loaded successfully.
INFO:root:Inputting export date into site...
INFO:root:Next section loaded successfully.
INFO:root:Next section loaded successfully.
INFO:root:Checking for cookie consent button...
INFO:root:Cookie consent has been accepted from Tax Authority.
INFO:root:inputting regno into site...
INFO:root:Next section loaded successfully.
INFO:root:Inputting export date into site...
INFO:root:Next section loaded successfully.
INFO:root:Next section loaded successfully.
INFO:root:Checking for cookie consent button...
INFO:root:Cookie consent has been accepted from Tax Authority.
INFO:root:inputting regno into site...
INFO:root:Next section loaded successfully.
INFO:root:Inputting export date into site...
INFO:root:Next section loaded successfully.
INFO:root:Next section loaded successfully.
INFO:root:Checking for cookie consent button...
INFO:root:Cookie consent has been accepted from Tax Authority.
INFO:root:inputting regno into site...
INFO:root:Next section loaded successfully.
INFO:root:Inputting export date into site...
INFO:root:Next section loaded successfully.
INFO:root:Next section loaded successfully.
INFO:root:Checking for cookie consent button...
INFO:root:Cookie consent has been accepted from Tax Authority.
INFO:root:inputting regno into site...
INFO:root:Next section loaded successfully.
INFO:root:Inputting export date into site...
INFO:root:Next section loaded successfully.
INFO:root:Next section loaded successfully.
INFO:root:Checking for cookie consent button...
INFO:root:Cookie consent has been accepted from Tax Authority.
INFO:root:inputting regno into site...
INFO:root:Next section loaded successfully.
INFO:root:Inputting export date into site...
INFO:root:Next section loaded successfully.
INFO:root:Next section loaded successfully.
INFO:root:Checking for cookie consent button...
INFO:root:Cookie consent has been accepted from Tax Authority.
INFO:root:inputting regno into site...
INFO:root:Next section loaded successfully.
INFO:root:Inputting export date into site...
INFO:root:Next section loaded successfully.
INFO:root:Next section loaded successfully.
Pressing next button...
Attempting to input the export date...
pressing seocnd next button...
pressing calculate button...
UR98128: tax return: 24115
Pressing next button...
Attempting to input the export date...
pressing seocnd next button...
pressing calculate button...
DR53622: tax return: 34151
Pressing next button...
Attempting to input the export date...
pressing seocnd next button...
pressing calculate button...
BT19251: tax return: 17627
Pressing next button...
Attempting to input the export date...
pressing seocnd next button...
pressing calculate button...
ZP48066: tax return: 29886
Pressing next button...
Attempting to input the export date...
pressing seocnd next button...
pressing calculate button...
BT54639: tax return: 15774
Pressing next button...
Attempting to input the export date...
pressing seocnd next button...
pressing calculate button...
DP66472: tax return: 10033
Pressing next button...
Attempting to input the export date...
pressing seocnd next button...
pressing calculate button...
RK93266: tax return: 21070
Pressing next button...
Attempting to input the export date...
pressing seocnd next button...
pressing calculate button...
DR14986: tax return: 15960
Pressing next button...
Attempting to input the export date...
pressing seocnd next button...
pressing calculate button...
CF96534: tax return: 13247
Error fetching data from OLX API: HTTPSConnectionPool(host='olx.ba', port=443): Max retries exceeded with url: /api/search?attr=3228323031302d393939393939293a372844697a656c29&attr_encoded=1&category_id=18&brand=65&models=0&brands=65&page=1&per_page=175 (Caused by NameResolutionError("<urllib3.connection.HTTPSConnection object at 0x7fdb4f4d97c0>: Failed to resolve 'olx.ba' ([Errno -2] Name or service not known)"))
INFO:root:Checking for cookie consent button...
INFO:root:Cookie consent has been accepted from Tax Authority.
INFO:root:inputting regno into site...
INFO:root:Pressing next button...
INFO:root:Next section loaded successfully.
INFO:root:Attempting to input the export date...
INFO:root:Inputting export date into site...
INFO:root:Pressing second next button...
INFO:root:Next section loaded successfully.
INFO:root:Pressing calculate button...
INFO:root:Next section loaded successfully.
INFO:root:HK11617: tax return: 10787
INFO:root:Checking for cookie consent button...
INFO:root:Cookie consent has been accepted from Tax Authority.
INFO:root:inputting regno into site...
INFO:root:Pressing next button...
INFO:root:Next section loaded successfully.
INFO:root:Attempting to input the export date...
INFO:root:Inputting export date into site...
INFO:root:Pressing second next button...
INFO:root:Next section loaded successfully.
INFO:root:Pressing calculate button...
INFO:root:Next section loaded successfully.
INFO:root:CF99922: tax return: 17707
INFO:root:Checking for cookie consent button...
INFO:root:Cookie consent has been accepted from Tax Authority.
INFO:root:inputting regno into site...
INFO:root:Pressing next button...
INFO:root:Next section loaded successfully.
INFO:root:Attempting to input the export date...
INFO:root:Inputting export date into site...
INFO:root:Pressing second next button...
INFO:root:Next section loaded successfully.
INFO:root:Pressing calculate button...
INFO:root:Next section loaded successfully.
INFO:root:UR95656: tax return: 27866
INFO:root:Checking for cookie consent button...
INFO:root:Cookie consent has been accepted from Tax Authority.
INFO:root:inputting regno into site...
INFO:root:Pressing next button...
INFO:root:Next section loaded successfully.
INFO:root:Attempting to input the export date...
INFO:root:Inputting export date into site...
INFO:root:Pressing second next button...
INFO:root:Next section loaded successfully.
INFO:root:Pressing calculate button...
INFO:root:Next section loaded successfully.
INFO:root:BT19251: tax return: 17627
INFO:root:Checking for cookie consent button...
INFO:root:Cookie consent has been accepted from Tax Authority.
INFO:root:inputting regno into site...
INFO:root:Pressing next button...
INFO:root:Next section loaded successfully.
INFO:root:Attempting to input the export date...
INFO:root:Inputting export date into site...
INFO:root:Pressing second next button...
INFO:root:Next section loaded successfully.
INFO:root:Pressing calculate button...
INFO:root:Next section loaded successfully.
INFO:root:ZP48066: tax return: 29886
INFO:root:Checking for cookie consent button...
INFO:root:Cookie consent has been accepted from Tax Authority.
INFO:root:inputting regno into site...
INFO:root:Pressing next button...
INFO:root:Next section loaded successfully.
INFO:root:Attempting to input the export date...
INFO:root:Inputting export date into site...
INFO:root:Pressing second next button...
INFO:root:Next section loaded successfully.
INFO:root:Pressing calculate button...
INFO:root:Next section loaded successfully.
INFO:root:DP66472: tax return: 10033
INFO:root:Checking for cookie consent button...
INFO:root:Cookie consent has been accepted from Tax Authority.
INFO:root:inputting regno into site...
INFO:root:Pressing next button...
INFO:root:Next section loaded successfully.
INFO:root:Attempting to input the export date...
INFO:root:Inputting export date into site...
INFO:root:Pressing second next button...
INFO:root:Next section loaded successfully.
INFO:root:Pressing calculate button...
INFO:root:Next section loaded successfully.
INFO:root:RK93266: tax return: 21070
INFO:root:Checking for cookie consent button...
INFO:root:Cookie consent has been accepted from Tax Authority.
INFO:root:inputting regno into site...
INFO:root:Pressing next button...
INFO:root:Next section loaded successfully.
INFO:root:Attempting to input the export date...
INFO:root:Inputting export date into site...
INFO:root:Pressing second next button...
INFO:root:Next section loaded successfully.
INFO:root:Pressing calculate button...
INFO:root:Next section loaded successfully.
INFO:root:DR14986: tax return: 15960
INFO:root:Checking for cookie consent button...
INFO:root:Cookie consent has been accepted from Tax Authority.
INFO:root:inputting regno into site...
INFO:root:Pressing next button...
INFO:root:Next section loaded successfully.
INFO:root:Attempting to input the export date...
INFO:root:Inputting export date into site...
INFO:root:Pressing second next button...
INFO:root:Next section loaded successfully.
INFO:root:Pressing calculate button...
INFO:root:Next section loaded successfully.
INFO:root:HK11617: tax return: 10787
INFO:root:Checking for cookie consent button...
INFO:root:Cookie consent has been accepted from Tax Authority.
INFO:root:inputting regno into site...
INFO:root:Pressing next button...
INFO:root:Next section loaded successfully.
INFO:root:Attempting to input the export date...
INFO:root:Inputting export date into site...
INFO:root:Pressing second next button...
INFO:root:Next section loaded successfully.
INFO:root:Pressing calculate button...
INFO:root:Next section loaded successfully.
INFO:root:CF99922: tax return: 17707
INFO:root:Checking for cookie consent button...
INFO:root:Cookie consent has been accepted from Tax Authority.
INFO:root:inputting regno into site...
INFO:root:Pressing next button...
INFO:root:Next section loaded successfully.
INFO:root:Attempting to input the export date...
INFO:root:Inputting export date into site...
INFO:root:Pressing second next button...
INFO:root:Next section loaded successfully.
INFO:root:Pressing calculate button...
INFO:root:Next section loaded successfully.
INFO:root:UR95656: tax return: 27866
INFO:root:Checking for cookie consent button...
INFO:root:Cookie consent has been accepted from Tax Authority.
INFO:root:inputting regno into site...
INFO:root:Pressing next button...
INFO:root:Next section loaded successfully.
INFO:root:Attempting to input the export date...
INFO:root:Inputting export date into site...
INFO:root:Pressing second next button...
INFO:root:Next section loaded successfully.
INFO:root:Pressing calculate button...
INFO:root:Next section loaded successfully.
INFO:root:BT19251: tax return: 17627
INFO:root:Checking for cookie consent button...
INFO:root:Cookie consent has been accepted from Tax Authority.
INFO:root:inputting regno into site...
INFO:root:Pressing next button...
INFO:root:Next section loaded successfully.
INFO:root:Attempting to input the export date...
INFO:root:Inputting export date into site...
INFO:root:Pressing second next button...
INFO:root:Next section loaded successfully.
INFO:root:Pressing calculate button...
INFO:root:Next section loaded successfully.
INFO:root:ZP48066: tax return: 29886
INFO:root:Checking for cookie consent button...
INFO:root:Cookie consent has been accepted from Tax Authority.
INFO:root:inputting regno into site...
INFO:root:Pressing next button...
INFO:root:Next section loaded successfully.
INFO:root:Attempting to input the export date...
INFO:root:Inputting export date into site...
INFO:root:Pressing second next button...
INFO:root:Next section loaded successfully.
INFO:root:Pressing calculate button...
INFO:root:Next section loaded successfully.
INFO:root:DP66472: tax return: 10033
INFO:root:Checking for cookie consent button...
INFO:root:Cookie consent has been accepted from Tax Authority.
INFO:root:inputting regno into site...
INFO:root:Pressing next button...
INFO:root:Next section loaded successfully.
INFO:root:Attempting to input the export date...
INFO:root:Inputting export date into site...
INFO:root:Pressing second next button...
INFO:root:Next section loaded successfully.
INFO:root:Pressing calculate button...
INFO:root:Next section loaded successfully.
INFO:root:RK93266: tax return: 21070
INFO:root:Checking for cookie consent button...
INFO:root:Cookie consent has been accepted from Tax Authority.
INFO:root:inputting regno into site...
INFO:root:Pressing next button...
INFO:root:Next section loaded successfully.
INFO:root:Attempting to input the export date...
INFO:root:Inputting export date into site...
INFO:root:Pressing second next button...
INFO:root:Next section loaded successfully.
INFO:root:Pressing calculate button...
INFO:root:Next section loaded successfully.
INFO:root:DR14986: tax return: 15960
INFO:root:Checking for cookie consent button...
INFO:root:Cookie consent has been accepted from Tax Authority.
INFO:root:inputting regno into site...
INFO:root:Pressing next button...
INFO:root:Next section loaded successfully.
INFO:root:Attempting to input the export date...
INFO:root:Inputting export date into site...
INFO:root:Pressing second next button...
INFO:root:Next section loaded successfully.
INFO:root:Pressing calculate button...
INFO:root:Next section loaded successfully.
INFO:root:HK11617: tax return: 10787
INFO:root:Checking for cookie consent button...
INFO:root:Cookie consent has been accepted from Tax Authority.
INFO:root:inputting regno into site...
INFO:root:Pressing next button...
INFO:root:Next section loaded successfully.
INFO:root:Attempting to input the export date...
INFO:root:Inputting export date into site...
INFO:root:Pressing second next button...
INFO:root:Next section loaded successfully.
INFO:root:Pressing calculate button...
INFO:root:Next section loaded successfully.
INFO:root:CF99922: tax return: 17707
INFO:root:Checking for cookie consent button...
INFO:root:Cookie consent has been accepted from Tax Authority.
INFO:root:inputting regno into site...
INFO:root:Pressing next button...
INFO:root:Next section loaded successfully.
INFO:root:Attempting to input the export date...
INFO:root:Inputting export date into site...
INFO:root:Pressing second next button...
INFO:root:Next section loaded successfully.
INFO:root:Pressing calculate button...
INFO:root:Next section loaded successfully.
INFO:root:UR95656: tax return: 27866
INFO:root:Checking for cookie consent button...
INFO:root:Cookie consent has been accepted from Tax Authority.
INFO:root:inputting regno into site...
INFO:root:Pressing next button...
INFO:root:Next section loaded successfully.
INFO:root:Attempting to input the export date...
INFO:root:Inputting export date into site...
INFO:root:Pressing second next button...
INFO:root:Next section loaded successfully.
INFO:root:Pressing calculate button...
INFO:root:Next section loaded successfully.
INFO:root:BT19251: tax return: 17627
INFO:root:Checking for cookie consent button...
INFO:root:Cookie consent has been accepted from Tax Authority.
INFO:root:inputting regno into site...
INFO:root:Pressing next button...
INFO:root:Next section loaded successfully.
INFO:root:Attempting to input the export date...
INFO:root:Inputting export date into site...
INFO:root:Pressing second next button...
INFO:root:Next section loaded successfully.
INFO:root:Pressing calculate button...
INFO:root:Next section loaded successfully.
INFO:root:ZP48066: tax return: 29886
INFO:root:Checking for cookie consent button...
INFO:root:Cookie consent has been accepted from Tax Authority.
INFO:root:inputting regno into site...
INFO:root:Pressing next button...
INFO:root:Next section loaded successfully.
INFO:root:Attempting to input the export date...
INFO:root:Inputting export date into site...
INFO:root:Pressing second next button...
INFO:root:Next section loaded successfully.
INFO:root:Pressing calculate button...
INFO:root:Next section loaded successfully.
INFO:root:RK93266: tax return: 21070
INFO:root:Checking for cookie consent button...
INFO:root:Cookie consent has been accepted from Tax Authority.
INFO:root:inputting regno into site...
INFO:root:Pressing next button...
INFO:root:Next section loaded successfully.
INFO:root:Attempting to input the export date...
INFO:root:Inputting export date into site...
INFO:root:Pressing second next button...
INFO:root:Next section loaded successfully.
INFO:root:Pressing calculate button...
INFO:root:Next section loaded successfully.
INFO:root:DR14986: tax return: 15960
INFO:root:Checking for cookie consent button...
INFO:root:Cookie consent has been accepted from Tax Authority.
INFO:root:inputting regno into site...
INFO:root:Pressing next button...
INFO:root:Next section loaded successfully.
INFO:root:Attempting to input the export date...
INFO:root:Inputting export date into site...
INFO:root:Pressing second next button...
INFO:root:Next section loaded successfully.
INFO:root:Pressing calculate button...
INFO:root:Next section loaded successfully.
INFO:root:HK11617: tax return: 10787
INFO:root:Checking for cookie consent button...
INFO:root:Cookie consent has been accepted from Tax Authority.
INFO:root:inputting regno into site...
INFO:root:Pressing next button...
INFO:root:Next section loaded successfully.
INFO:root:Attempting to input the export date...
INFO:root:Inputting export date into site...
INFO:root:Pressing second next button...
INFO:root:Next section loaded successfully.
INFO:root:Pressing calculate button...
INFO:root:Next section loaded successfully.
INFO:root:CF99922: tax return: 17707
INFO:root:Checking for cookie consent button...
INFO:root:Cookie consent has been accepted from Tax Authority.
INFO:root:inputting regno into site...
INFO:root:Pressing next button...
INFO:root:Next section loaded successfully.
INFO:root:Attempting to input the export date...
INFO:root:Inputting export date into site...
INFO:root:Pressing second next button...
INFO:root:Next section loaded successfully.
INFO:root:Pressing calculate button...
INFO:root:Next section loaded successfully.
INFO:root:UR95656: tax return: 24470
INFO:root:Checking for cookie consent button...
INFO:root:Cookie consent has been accepted from Tax Authority.
INFO:root:inputting regno into site...
INFO:root:Pressing next button...
INFO:root:Next section loaded successfully.
INFO:root:Attempting to input the export date...
INFO:root:Inputting export date into site...
INFO:root:Pressing second next button...
INFO:root:Next section loaded successfully.
INFO:root:Pressing calculate button...
INFO:root:Next section loaded successfully.
INFO:root:BT19251: tax return: 17627
INFO:root:Checking for cookie consent button...
INFO:root:Cookie consent has been accepted from Tax Authority.
INFO:root:inputting regno into site...
INFO:root:Pressing next button...
INFO:root:Next section loaded successfully.
INFO:root:Attempting to input the export date...
INFO:root:Inputting export date into site...
INFO:root:Pressing second next button...
INFO:root:Next section loaded successfully.
INFO:root:Pressing calculate button...
INFO:root:Next section loaded successfully.
INFO:root:ZP48066: tax return: 29886
INFO:root:Checking for cookie consent button...
INFO:root:Cookie consent has been accepted from Tax Authority.
INFO:root:inputting regno into site...
INFO:root:Pressing next button...
INFO:root:Next section loaded successfully.
INFO:root:Attempting to input the export date...
INFO:root:Inputting export date into site...
INFO:root:Pressing second next button...
INFO:root:Next section loaded successfully.
INFO:root:Pressing calculate button...
INFO:root:Next section loaded successfully.
INFO:root:RK93266: tax return: 21070
INFO:root:Checking for cookie consent button...
INFO:root:Cookie consent has been accepted from Tax Authority.
INFO:root:inputting regno into site...
INFO:root:Pressing next button...
INFO:root:Next section loaded successfully.
INFO:root:Attempting to input the export date...
INFO:root:Inputting export date into site...
INFO:root:Pressing second next button...
INFO:root:Next section loaded successfully.
INFO:root:Pressing calculate button...
INFO:root:Next section loaded successfully.
INFO:root:AA68064: tax return: 18633
INFO:root:Checking for cookie consent button...
INFO:root:Cookie consent has been accepted from Tax Authority.
INFO:root:inputting regno into site...
INFO:root:Pressing next button...
INFO:root:Next section loaded successfully.
INFO:root:Attempting to input the export date...
INFO:root:Inputting export date into site...
INFO:root:Pressing second next button...
INFO:root:Next section loaded successfully.
INFO:root:Pressing calculate button...
INFO:root:Next section loaded successfully.
INFO:root:HK11617: tax return: 10787
INFO:root:Checking for cookie consent button...
INFO:root:Cookie consent has been accepted from Tax Authority.
INFO:root:inputting regno into site...
INFO:root:Pressing next button...
INFO:root:Next section loaded successfully.
INFO:root:Attempting to input the export date...
INFO:root:Inputting export date into site...
INFO:root:Pressing second next button...
INFO:root:Next section loaded successfully.
INFO:root:Pressing calculate button...
INFO:root:Next section loaded successfully.
INFO:root:CF99922: tax return: 17707
INFO:root:Checking for cookie consent button...
INFO:root:Cookie consent has been accepted from Tax Authority.
INFO:root:inputting regno into site...
INFO:root:Pressing next button...
INFO:root:Next section loaded successfully.
INFO:root:Attempting to input the export date...
INFO:root:Inputting export date into site...
INFO:root:Pressing second next button...
INFO:root:Next section loaded successfully.
INFO:root:Pressing calculate button...
INFO:root:Next section loaded successfully.
INFO:root:BT19251: tax return: 17627
INFO:root:Checking for cookie consent button...
INFO:root:Cookie consent has been accepted from Tax Authority.
INFO:root:inputting regno into site...
INFO:root:Pressing next button...
INFO:root:Next section loaded successfully.
INFO:root:Attempting to input the export date...
INFO:root:Inputting export date into site...
INFO:root:Pressing second next button...
INFO:root:Next section loaded successfully.
INFO:root:Pressing calculate button...
INFO:root:Next section loaded successfully.
INFO:root:ZP48066: tax return: 29886
INFO:root:Checking for cookie consent button...
INFO:root:Cookie consent has been accepted from Tax Authority.
INFO:root:inputting regno into site...
INFO:root:Pressing next button...
INFO:root:Next section loaded successfully.
INFO:root:Attempting to input the export date...
INFO:root:Inputting export date into site...
INFO:root:Pressing second next button...
INFO:root:Next section loaded successfully.
INFO:root:Pressing calculate button...
INFO:root:Next section loaded successfully.
INFO:root:RK93266: tax return: 21070
INFO:root:Checking for cookie consent button...
INFO:root:Cookie consent has been accepted from Tax Authority.
INFO:root:inputting regno into site...
INFO:root:Pressing next button...
INFO:root:Next section loaded successfully.
INFO:root:Attempting to input the export date...
INFO:root:Inputting export date into site...
INFO:root:Pressing second next button...
INFO:root:Next section loaded successfully.
INFO:root:Pressing calculate button...
INFO:root:Next section loaded successfully.
INFO:root:PX62796: tax return: 22039
INFO:root:Checking for cookie consent button...
INFO:root:Cookie consent has been accepted from Tax Authority.
INFO:root:inputting regno into site...
INFO:root:Pressing next button...
INFO:root:Next section loaded successfully.
INFO:root:Attempting to input the export date...
INFO:root:Inputting export date into site...
INFO:root:Pressing second next button...
INFO:root:Next section loaded successfully.
INFO:root:Pressing calculate button...
INFO:root:Next section loaded successfully.
INFO:root:YN63558: tax return: 11724
INFO:root:Checking for cookie consent button...
INFO:root:Cookie consent has been accepted from Tax Authority.
INFO:root:inputting regno into site...
INFO:root:Pressing next button...
INFO:root:Next section loaded successfully.
INFO:root:Attempting to input the export date...
INFO:root:Inputting export date into site...
INFO:root:Pressing second next button...
INFO:root:Next section loaded successfully.
INFO:root:Pressing calculate button...
INFO:root:Next section loaded successfully.
INFO:root:AA68064: tax return: 18633
INFO:root:Checking for cookie consent button...
INFO:root:Cookie consent has been accepted from Tax Authority.
INFO:root:inputting regno into site...
INFO:root:Pressing next button...
INFO:root:Next section loaded successfully.
INFO:root:Attempting to input the export date...
INFO:root:Inputting export date into site...
INFO:root:Pressing second next button...
INFO:root:Next section loaded successfully.
INFO:root:Pressing calculate button...
INFO:root:Next section loaded successfully.
INFO:root:BU37743: tax return: 25467
INFO:root:Checking for cookie consent button...
INFO:root:Cookie consent has been accepted from Tax Authority.
INFO:root:inputting regno into site...
INFO:root:Pressing next button...
INFO:root:Next section loaded successfully.
INFO:root:Attempting to input the export date...
INFO:root:Inputting export date into site...
INFO:root:Pressing second next button...
INFO:root:Next section loaded successfully.
INFO:root:Pressing calculate button...
INFO:root:Next section loaded successfully.
INFO:root:CF99922: tax return: 17707
INFO:root:Checking for cookie consent button...
INFO:root:Cookie consent has been accepted from Tax Authority.
INFO:root:inputting regno into site...
INFO:root:Pressing next button...
INFO:root:Next section loaded successfully.
INFO:root:Attempting to input the export date...
INFO:root:Inputting export date into site...
INFO:root:Pressing second next button...
INFO:root:Next section loaded successfully.
INFO:root:Pressing calculate button...
INFO:root:Next section loaded successfully.
INFO:root:BT19251: tax return: 17627
INFO:root:Checking for cookie consent button...
INFO:root:Cookie consent has been accepted from Tax Authority.
INFO:root:inputting regno into site...
INFO:root:Pressing next button...
INFO:root:Next section loaded successfully.
INFO:root:Attempting to input the export date...
INFO:root:Inputting export date into site...
INFO:root:Pressing second next button...
INFO:root:Next section loaded successfully.
INFO:root:Pressing calculate button...
INFO:root:Next section loaded successfully.
INFO:root:ZP48066: tax return: 29886
INFO:root:Checking for cookie consent button...
INFO:root:Cookie consent has been accepted from Tax Authority.
INFO:root:inputting regno into site...
INFO:root:Pressing next button...
INFO:root:Next section loaded successfully.
INFO:root:Attempting to input the export date...
INFO:root:Inputting export date into site...
INFO:root:Pressing second next button...
INFO:root:Next section loaded successfully.
INFO:root:Pressing calculate button...
INFO:root:Next section loaded successfully.
INFO:root:RK93266: tax return: 21070
INFO:root:Checking for cookie consent button...
INFO:root:Cookie consent has been accepted from Tax Authority.
INFO:root:inputting regno into site...
INFO:root:Pressing next button...
INFO:root:Next section loaded successfully.
INFO:root:Attempting to input the export date...
INFO:root:Inputting export date into site...
INFO:root:Pressing second next button...
INFO:root:Next section loaded successfully.
INFO:root:Pressing calculate button...
INFO:root:Next section loaded successfully.
INFO:root:PX62796: tax return: 22039
INFO:root:Checking for cookie consent button...
INFO:root:Cookie consent has been accepted from Tax Authority.
INFO:root:inputting regno into site...
INFO:root:Pressing next button...
INFO:root:Next section loaded successfully.
INFO:root:Attempting to input the export date...
INFO:root:Inputting export date into site...
INFO:root:Pressing second next button...
INFO:root:Next section loaded successfully.
INFO:root:Pressing calculate button...
INFO:root:Next section loaded successfully.
INFO:root:YN63558: tax return: 11724
INFO:root:Checking for cookie consent button...
INFO:root:Cookie consent has been accepted from Tax Authority.
INFO:root:inputting regno into site...
INFO:root:Pressing next button...
INFO:root:Next section loaded successfully.
INFO:root:Attempting to input the export date...
INFO:root:Inputting export date into site...
INFO:root:Pressing second next button...
INFO:root:Next section loaded successfully.
INFO:root:Pressing calculate button...
INFO:root:Next section loaded successfully.
INFO:root:AA68064: tax return: 18633
INFO:root:Checking for cookie consent button...
INFO:root:Cookie consent has been accepted from Tax Authority.
INFO:root:inputting regno into site...
INFO:root:Pressing next button...
INFO:root:Next section loaded successfully.
INFO:root:Attempting to input the export date...
INFO:root:Inputting export date into site...
INFO:root:Pressing second next button...
INFO:root:Next section loaded successfully.
INFO:root:Pressing calculate button...
INFO:root:Next section loaded successfully.
INFO:root:BU37743: tax return: 25467
INFO:root:Checking for cookie consent button...
INFO:root:Cookie consent has been accepted from Tax Authority.
INFO:root:inputting regno into site...
INFO:root:Pressing next button...
INFO:root:Next section loaded successfully.
INFO:root:Attempting to input the export date...
INFO:root:Inputting export date into site...
INFO:root:Pressing second next button...
INFO:root:Next section loaded successfully.
INFO:root:Pressing calculate button...
INFO:root:Next section loaded successfully.
INFO:root:CF99922: tax return: 16067
INFO:root:Checking for cookie consent button...
INFO:root:Cookie consent has been accepted from Tax Authority.
INFO:root:inputting regno into site...
INFO:root:Pressing next button...
INFO:root:Next section loaded successfully.
INFO:root:Attempting to input the export date...
INFO:root:Inputting export date into site...
INFO:root:Pressing second next button...
INFO:root:Next section loaded successfully.
INFO:root:Pressing calculate button...
INFO:root:Next section loaded successfully.
INFO:root:BT19251: tax return: 17627
INFO:root:Checking for cookie consent button...
INFO:root:Cookie consent has been accepted from Tax Authority.
INFO:root:inputting regno into site...
INFO:root:Pressing next button...
INFO:root:Next section loaded successfully.
INFO:root:Attempting to input the export date...
INFO:root:Inputting export date into site...
INFO:root:Pressing second next button...
INFO:root:Next section loaded successfully.
INFO:root:Pressing calculate button...
INFO:root:Next section loaded successfully.
INFO:root:ZP48066: tax return: 29886
INFO:root:Checking for cookie consent button...
INFO:root:Cookie consent has been accepted from Tax Authority.
INFO:root:inputting regno into site...
INFO:root:Pressing next button...
INFO:root:Next section loaded successfully.
INFO:root:Attempting to input the export date...
INFO:root:Inputting export date into site...
INFO:root:Pressing second next button...
INFO:root:Next section loaded successfully.
INFO:root:Pressing calculate button...
INFO:root:Next section loaded successfully.
INFO:root:RK93266: tax return: 21070
INFO:root:Checking for cookie consent button...
INFO:root:Cookie consent has been accepted from Tax Authority.
INFO:root:inputting regno into site...
INFO:root:Pressing next button...
INFO:root:Next section loaded successfully.
INFO:root:Attempting to input the export date...
INFO:root:Inputting export date into site...
INFO:root:Pressing second next button...
INFO:root:Next section loaded successfully.
INFO:root:Pressing calculate button...
INFO:root:Next section loaded successfully.
INFO:root:RK94507: tax return: 11730
INFO:root:Checking for cookie consent button...
INFO:root:Cookie consent has been accepted from Tax Authority.
INFO:root:inputting regno into site...
INFO:root:Pressing next button...
INFO:root:Next section loaded successfully.
INFO:root:Attempting to input the export date...
INFO:root:Inputting export date into site...
INFO:root:Pressing second next button...
INFO:root:Next section loaded successfully.
INFO:root:Pressing calculate button...
INFO:root:Next section loaded successfully.
INFO:root:UX69934: tax return: 10826
INFO:root:Checking for cookie consent button...
INFO:root:Cookie consent has been accepted from Tax Authority.
INFO:root:inputting regno into site...
INFO:root:Pressing next button...
INFO:root:Next section loaded successfully.
INFO:root:Attempting to input the export date...
INFO:root:Inputting export date into site...
INFO:root:Pressing second next button...
INFO:root:Next section loaded successfully.
INFO:root:Pressing calculate button...
INFO:root:Next section loaded successfully.
INFO:root:PX62796: tax return: 22039
INFO:root:Checking for cookie consent button...
INFO:root:Cookie consent has been accepted from Tax Authority.
INFO:root:inputting regno into site...
INFO:root:Pressing next button...
INFO:root:Next section loaded successfully.
INFO:root:Attempting to input the export date...
INFO:root:Inputting export date into site...
INFO:root:Pressing second next button...
INFO:root:Next section loaded successfully.
INFO:root:Pressing calculate button...
INFO:root:Next section loaded successfully.
INFO:root:AA68064: tax return: 18633
INFO:root:Checking for cookie consent button...
INFO:root:Cookie consent has been accepted from Tax Authority.
INFO:root:inputting regno into site...
INFO:root:Pressing next button...
INFO:root:Next section loaded successfully.
INFO:root:Attempting to input the export date...
INFO:root:Inputting export date into site...
INFO:root:Pressing second next button...
INFO:root:Next section loaded successfully.
INFO:root:Pressing calculate button...
INFO:root:Next section loaded successfully.
INFO:root:CF99922: tax return: 16067
INFO:root:Checking for cookie consent button...
INFO:root:Cookie consent has been accepted from Tax Authority.
INFO:root:inputting regno into site...
INFO:root:Pressing next button...
INFO:root:Next section loaded successfully.
INFO:root:Attempting to input the export date...
INFO:root:Inputting export date into site...
INFO:root:Pressing second next button...
INFO:root:Next section loaded successfully.
INFO:root:Pressing calculate button...
INFO:root:Next section loaded successfully.
INFO:root:BT19251: tax return: 17627
INFO:root:Checking for cookie consent button...
INFO:root:Cookie consent has been accepted from Tax Authority.
INFO:root:inputting regno into site...
INFO:root:Pressing next button...
INFO:root:Next section loaded successfully.
INFO:root:Attempting to input the export date...
INFO:root:Inputting export date into site...
INFO:root:Pressing second next button...
INFO:root:Next section loaded successfully.
INFO:root:Pressing calculate button...
INFO:root:Next section loaded successfully.
INFO:root:ZP48066: tax return: 29886
INFO:root:Checking for cookie consent button...
INFO:root:Cookie consent has been accepted from Tax Authority.
INFO:root:inputting regno into site...
INFO:root:Pressing next button...
INFO:root:Next section loaded successfully.
INFO:root:Attempting to input the export date...
INFO:root:Inputting export date into site...
INFO:root:Pressing second next button...
INFO:root:Next section loaded successfully.
INFO:root:Pressing calculate button...
INFO:root:Next section loaded successfully.
INFO:root:RK94507: tax return: 11730
INFO:root:Checking for cookie consent button...
INFO:root:Cookie consent has been accepted from Tax Authority.
INFO:root:inputting regno into site...
INFO:root:Pressing next button...
INFO:root:Next section loaded successfully.
INFO:root:Attempting to input the export date...
INFO:root:Inputting export date into site...
INFO:root:Pressing second next button...
INFO:root:Next section loaded successfully.
INFO:root:Pressing calculate button...
INFO:root:Next section loaded successfully.
INFO:root:UX69934: tax return: 10826
INFO:root:Checking for cookie consent button...
INFO:root:Cookie consent has been accepted from Tax Authority.
INFO:root:inputting regno into site...
INFO:root:Pressing next button...
INFO:root:Next section loaded successfully.
INFO:root:Attempting to input the export date...
INFO:root:Inputting export date into site...
INFO:root:Pressing second next button...
INFO:root:Next section loaded successfully.
INFO:root:Pressing calculate button...
INFO:root:Next section loaded successfully.
INFO:root:PX62796: tax return: 22039
INFO:root:Checking for cookie consent button...
INFO:root:Cookie consent has been accepted from Tax Authority.
INFO:root:inputting regno into site...
INFO:root:Pressing next button...
INFO:root:Next section loaded successfully.
INFO:root:Attempting to input the export date...
INFO:root:Inputting export date into site...
INFO:root:Pressing second next button...
INFO:root:Next section loaded successfully.
INFO:root:Pressing calculate button...
INFO:root:Next section loaded successfully.
INFO:root:AA68064: tax return: 18633
INFO:root:Checking for cookie consent button...
INFO:root:Cookie consent has been accepted from Tax Authority.
INFO:root:inputting regno into site...
INFO:root:Pressing next button...
INFO:root:Next section loaded successfully.
INFO:root:Attempting to input the export date...
INFO:root:Inputting export date into site...
INFO:root:Pressing second next button...
INFO:root:Next section loaded successfully.
INFO:root:Pressing calculate button...
INFO:root:Next section loaded successfully.
INFO:root:CF99922: tax return: 16067
INFO:root:Checking for cookie consent button...
INFO:root:Cookie consent has been accepted from Tax Authority.
INFO:root:inputting regno into site...
INFO:root:Pressing next button...
INFO:root:Next section loaded successfully.
INFO:root:Attempting to input the export date...
INFO:root:Inputting export date into site...
INFO:root:Pressing second next button...
INFO:root:Next section loaded successfully.
INFO:root:Pressing calculate button...
INFO:root:Next section loaded successfully.
INFO:root:BT19251: tax return: 17627
INFO:root:Checking for cookie consent button...
INFO:root:Cookie consent has been accepted from Tax Authority.
INFO:root:inputting regno into site...
INFO:root:Pressing next button...
INFO:root:Next section loaded successfully.
INFO:root:Attempting to input the export date...
INFO:root:Inputting export date into site...
INFO:root:Pressing second next button...
INFO:root:Next section loaded successfully.
INFO:root:Pressing calculate button...
INFO:root:Next section loaded successfully.
INFO:root:ZP48066: tax return: 29886
