Traceback (most recent call last):
  File "/home/ec2-user/autoflipp.online/flask-server/_OTHER_SEARCH.py", line 21, in <module>
    driver = webdriver.Chrome(service=service, options=options)
  File "/home/ec2-user/autoflipp.online/flask-server/venv/lib64/python3.9/site-packages/selenium/webdriver/chrome/webdriver.py", line 45, in __init__
    super().__init__(
  File "/home/ec2-user/autoflipp.online/flask-server/venv/lib64/python3.9/site-packages/selenium/webdriver/chromium/webdriver.py", line 55, in __init__
    self.service.start()
  File "/home/ec2-user/autoflipp.online/flask-server/venv/lib64/python3.9/site-packages/selenium/webdriver/common/service.py", line 98, in start
    self._start_process(self._path)
  File "/home/ec2-user/autoflipp.online/flask-server/venv/lib64/python3.9/site-packages/selenium/webdriver/common/service.py", line 208, in _start_process
    self.process = subprocess.Popen(
  File "/usr/lib64/python3.9/subprocess.py", line 951, in __init__
    self._execute_child(args, executable, preexec_fn, close_fds,
  File "/usr/lib64/python3.9/subprocess.py", line 1821, in _execute_child
    raise child_exception_type(errno_num, err_msg, err_filename)
OSError: [Errno 26] Text file busy: '/root/.wdm/drivers/chromedriver/linux64/126.0.6478.126/chromedriver-linux64/chromedriver'
Button not found in this iframe, continuing to next iframe: Message: 
Stacktrace:
#0 0x55fda71d9c7a <unknown>
#1 0x55fda6ebce2c <unknown>
#2 0x55fda6f09661 <unknown>
#3 0x55fda6f09751 <unknown>
#4 0x55fda6f4df64 <unknown>
#5 0x55fda6f2c5ed <unknown>
#6 0x55fda6f4b303 <unknown>
#7 0x55fda6f2c363 <unknown>
#8 0x55fda6efc247 <unknown>
#9 0x55fda6efcb9e <unknown>
#10 0x55fda71a024b <unknown>
#11 0x55fda71a42f1 <unknown>
#12 0x55fda718bafe <unknown>
#13 0x55fda71a4e52 <unknown>
#14 0x55fda717079f <unknown>
#15 0x55fda71c9638 <unknown>
#16 0x55fda71c9810 <unknown>
#17 0x55fda71d8dac <unknown>
#18 0x7fe615e9f7f2 start_thread

Cookie consent has been accepted.
Traceback (most recent call last):
  File "/home/ec2-user/autoflipp.online/flask-server/_OTHER_SEARCH.py", line 96, in <module>
    data = fetch_and_process_page(url)
  File "/home/ec2-user/autoflipp.online/flask-server/_OTHER_SEARCH.py", line 51, in fetch_and_process_page
    driver.get(url)
  File "/home/ec2-user/autoflipp.online/flask-server/venv/lib64/python3.9/site-packages/selenium/webdriver/remote/webdriver.py", line 356, in get
    self.execute(Command.GET, {"url": url})
  File "/home/ec2-user/autoflipp.online/flask-server/venv/lib64/python3.9/site-packages/selenium/webdriver/remote/webdriver.py", line 347, in execute
    self.error_handler.check_response(response)
  File "/home/ec2-user/autoflipp.online/flask-server/venv/lib64/python3.9/site-packages/selenium/webdriver/remote/errorhandler.py", line 229, in check_response
    raise exception_class(message, screen, stacktrace)
selenium.common.exceptions.TimeoutException: Message: timeout: Timed out receiving message from renderer: 299.358
  (Session info: chrome-headless-shell=126.0.6478.126)
Stacktrace:
#0 0x55fda71d9c7a <unknown>
#1 0x55fda6ebce2c <unknown>
#2 0x55fda6ea41a6 <unknown>
#3 0x55fda6ea3d85 <unknown>
#4 0x55fda6ea1cc6 <unknown>
#5 0x55fda6ea233f <unknown>
#6 0x55fda6eb2c67 <unknown>
#7 0x55fda6ec91be <unknown>
#8 0x55fda6ece8ab <unknown>
#9 0x55fda6ea2a8a <unknown>
#10 0x55fda6ec903e <unknown>
#11 0x55fda6f4b679 <unknown>
#12 0x55fda6f2c363 <unknown>
#13 0x55fda6efc247 <unknown>
#14 0x55fda6efcb9e <unknown>
#15 0x55fda71a024b <unknown>
#16 0x55fda71a42f1 <unknown>
#17 0x55fda718bafe <unknown>
#18 0x55fda71a4e52 <unknown>
#19 0x55fda717079f <unknown>
#20 0x55fda71c9638 <unknown>
#21 0x55fda71c9810 <unknown>
#22 0x55fda71d8dac <unknown>
#23 0x7fe615e9f7f2 start_thread

Button not found in this iframe, continuing to next iframe: Message: 
Stacktrace:
#0 0x55d9e7d92c7a <unknown>
#1 0x55d9e7a75e2c <unknown>
#2 0x55d9e7ac2661 <unknown>
#3 0x55d9e7ac2751 <unknown>
#4 0x55d9e7b06f64 <unknown>
#5 0x55d9e7ae55ed <unknown>
#6 0x55d9e7b04303 <unknown>
#7 0x55d9e7ae5363 <unknown>
#8 0x55d9e7ab5247 <unknown>
#9 0x55d9e7ab5b9e <unknown>
#10 0x55d9e7d5924b <unknown>
#11 0x55d9e7d5d2f1 <unknown>
#12 0x55d9e7d44afe <unknown>
#13 0x55d9e7d5de52 <unknown>
#14 0x55d9e7d2979f <unknown>
#15 0x55d9e7d82638 <unknown>
#16 0x55d9e7d82810 <unknown>
#17 0x55d9e7d91dac <unknown>
#18 0x7f0a3fa9f7f2 start_thread

Cookie consent has been accepted.
Data from 50 pages saved to 'finn_search_before2015.json'
Button not found in this iframe, continuing to next iframe: Message: 
Stacktrace:
#0 0x55a57b5e3c7a <unknown>
#1 0x55a57b2c6e2c <unknown>
#2 0x55a57b313661 <unknown>
#3 0x55a57b313751 <unknown>
#4 0x55a57b357f64 <unknown>
#5 0x55a57b3365ed <unknown>
#6 0x55a57b355303 <unknown>
#7 0x55a57b336363 <unknown>
#8 0x55a57b306247 <unknown>
#9 0x55a57b306b9e <unknown>
#10 0x55a57b5aa24b <unknown>
#11 0x55a57b5ae2f1 <unknown>
#12 0x55a57b595afe <unknown>
#13 0x55a57b5aee52 <unknown>
#14 0x55a57b57a79f <unknown>
#15 0x55a57b5d3638 <unknown>
#16 0x55a57b5d3810 <unknown>
#17 0x55a57b5e2dac <unknown>
#18 0x7f190a29f7f2 start_thread

Cookie consent has been accepted.
Data from 50 pages saved to 'finn_search_before2015.json'
Button not found in this iframe, continuing to next iframe: Message: 
Stacktrace:
#0 0x5652326d4c7a <unknown>
#1 0x5652323b7e2c <unknown>
#2 0x565232404661 <unknown>
#3 0x565232404751 <unknown>
#4 0x565232448f64 <unknown>
#5 0x5652324275ed <unknown>
#6 0x565232446303 <unknown>
#7 0x565232427363 <unknown>
#8 0x5652323f7247 <unknown>
#9 0x5652323f7b9e <unknown>
#10 0x56523269b24b <unknown>
#11 0x56523269f2f1 <unknown>
#12 0x565232686afe <unknown>
#13 0x56523269fe52 <unknown>
#14 0x56523266b79f <unknown>
#15 0x5652326c4638 <unknown>
#16 0x5652326c4810 <unknown>
#17 0x5652326d3dac <unknown>
#18 0x7fc9c789f7f2 start_thread

Cookie consent has been accepted.
Data from 50 pages saved to 'finn_search_before2015.json'
Button not found in this iframe, continuing to next iframe: Message: 
Stacktrace:
#0 0x5635b7f68c7a <unknown>
#1 0x5635b7c4be2c <unknown>
#2 0x5635b7c98661 <unknown>
#3 0x5635b7c98751 <unknown>
#4 0x5635b7cdcf64 <unknown>
#5 0x5635b7cbb5ed <unknown>
#6 0x5635b7cda303 <unknown>
#7 0x5635b7cbb363 <unknown>
#8 0x5635b7c8b247 <unknown>
#9 0x5635b7c8bb9e <unknown>
#10 0x5635b7f2f24b <unknown>
#11 0x5635b7f332f1 <unknown>
#12 0x5635b7f1aafe <unknown>
#13 0x5635b7f33e52 <unknown>
#14 0x5635b7eff79f <unknown>
#15 0x5635b7f58638 <unknown>
#16 0x5635b7f58810 <unknown>
#17 0x5635b7f67dac <unknown>
#18 0x7f2d8789f7f2 start_thread

Cookie consent has been accepted.
Traceback (most recent call last):
  File "/home/ec2-user/autoflipp.online/flask-server/_OTHER_SEARCH.py", line 96, in <module>
    data = fetch_and_process_page(url)
  File "/home/ec2-user/autoflipp.online/flask-server/_OTHER_SEARCH.py", line 51, in fetch_and_process_page
    driver.get(url)
  File "/home/ec2-user/autoflipp.online/flask-server/venv/lib64/python3.9/site-packages/selenium/webdriver/remote/webdriver.py", line 356, in get
    self.execute(Command.GET, {"url": url})
  File "/home/ec2-user/autoflipp.online/flask-server/venv/lib64/python3.9/site-packages/selenium/webdriver/remote/webdriver.py", line 347, in execute
    self.error_handler.check_response(response)
  File "/home/ec2-user/autoflipp.online/flask-server/venv/lib64/python3.9/site-packages/selenium/webdriver/remote/errorhandler.py", line 229, in check_response
    raise exception_class(message, screen, stacktrace)
selenium.common.exceptions.TimeoutException: Message: timeout: Timed out receiving message from renderer: 299.870
  (Session info: chrome-headless-shell=126.0.6478.126)
Stacktrace:
#0 0x5635b7f68c7a <unknown>
#1 0x5635b7c4be2c <unknown>
#2 0x5635b7c331a6 <unknown>
#3 0x5635b7c32d85 <unknown>
#4 0x5635b7c30cc6 <unknown>
#5 0x5635b7c3133f <unknown>
#6 0x5635b7c41c67 <unknown>
#7 0x5635b7c581be <unknown>
#8 0x5635b7c5d8ab <unknown>
#9 0x5635b7c31a8a <unknown>
#10 0x5635b7c5803e <unknown>
#11 0x5635b7cda679 <unknown>
#12 0x5635b7cbb363 <unknown>
#13 0x5635b7c8b247 <unknown>
#14 0x5635b7c8bb9e <unknown>
#15 0x5635b7f2f24b <unknown>
#16 0x5635b7f332f1 <unknown>
#17 0x5635b7f1aafe <unknown>
#18 0x5635b7f33e52 <unknown>
#19 0x5635b7eff79f <unknown>
#20 0x5635b7f58638 <unknown>
#21 0x5635b7f58810 <unknown>
#22 0x5635b7f67dac <unknown>
#23 0x7f2d8789f7f2 start_thread

Button not found in this iframe, continuing to next iframe: Message: 
Stacktrace:
#0 0x55fd713f4c7a <unknown>
#1 0x55fd710d7e2c <unknown>
#2 0x55fd71124661 <unknown>
#3 0x55fd71124751 <unknown>
#4 0x55fd71168f64 <unknown>
#5 0x55fd711475ed <unknown>
#6 0x55fd71166303 <unknown>
#7 0x55fd71147363 <unknown>
#8 0x55fd71117247 <unknown>
#9 0x55fd71117b9e <unknown>
#10 0x55fd713bb24b <unknown>
#11 0x55fd713bf2f1 <unknown>
#12 0x55fd713a6afe <unknown>
#13 0x55fd713bfe52 <unknown>
#14 0x55fd7138b79f <unknown>
#15 0x55fd713e4638 <unknown>
#16 0x55fd713e4810 <unknown>
#17 0x55fd713f3dac <unknown>
#18 0x7f025ca9f7f2 start_thread

Cookie consent has been accepted.
Data from 50 pages saved to 'finn_search_before2015.json'
Button not found in this iframe, continuing to next iframe: Message: 
Stacktrace:
#0 0x559972eb1c7a <unknown>
#1 0x559972b94e2c <unknown>
#2 0x559972be1661 <unknown>
#3 0x559972be1751 <unknown>
#4 0x559972c25f64 <unknown>
#5 0x559972c045ed <unknown>
#6 0x559972c23303 <unknown>
#7 0x559972c04363 <unknown>
#8 0x559972bd4247 <unknown>
#9 0x559972bd4b9e <unknown>
#10 0x559972e7824b <unknown>
#11 0x559972e7c2f1 <unknown>
#12 0x559972e63afe <unknown>
#13 0x559972e7ce52 <unknown>
#14 0x559972e4879f <unknown>
#15 0x559972ea1638 <unknown>
#16 0x559972ea1810 <unknown>
#17 0x559972eb0dac <unknown>
#18 0x7f925ea9f7f2 start_thread

Cookie consent has been accepted.
Traceback (most recent call last):
  File "/home/ec2-user/autoflipp.online/flask-server/_OTHER_SEARCH.py", line 96, in <module>
    data = fetch_and_process_page(url)
  File "/home/ec2-user/autoflipp.online/flask-server/_OTHER_SEARCH.py", line 51, in fetch_and_process_page
    driver.get(url)
  File "/home/ec2-user/autoflipp.online/flask-server/venv/lib64/python3.9/site-packages/selenium/webdriver/remote/webdriver.py", line 356, in get
    self.execute(Command.GET, {"url": url})
  File "/home/ec2-user/autoflipp.online/flask-server/venv/lib64/python3.9/site-packages/selenium/webdriver/remote/webdriver.py", line 347, in execute
    self.error_handler.check_response(response)
  File "/home/ec2-user/autoflipp.online/flask-server/venv/lib64/python3.9/site-packages/selenium/webdriver/remote/errorhandler.py", line 229, in check_response
    raise exception_class(message, screen, stacktrace)
selenium.common.exceptions.TimeoutException: Message: timeout: Timed out receiving message from renderer: 299.771
  (Session info: chrome-headless-shell=126.0.6478.126)
Stacktrace:
#0 0x559972eb1c7a <unknown>
#1 0x559972b94e2c <unknown>
#2 0x559972b7c1a6 <unknown>
#3 0x559972b7bd85 <unknown>
#4 0x559972b79cc6 <unknown>
#5 0x559972b7a33f <unknown>
#6 0x559972b8ac67 <unknown>
#7 0x559972ba11be <unknown>
#8 0x559972ba68ab <unknown>
#9 0x559972b7aa8a <unknown>
#10 0x559972ba103e <unknown>
#11 0x559972c23679 <unknown>
#12 0x559972c04363 <unknown>
#13 0x559972bd4247 <unknown>
#14 0x559972bd4b9e <unknown>
#15 0x559972e7824b <unknown>
#16 0x559972e7c2f1 <unknown>
#17 0x559972e63afe <unknown>
#18 0x559972e7ce52 <unknown>
#19 0x559972e4879f <unknown>
#20 0x559972ea1638 <unknown>
#21 0x559972ea1810 <unknown>
#22 0x559972eb0dac <unknown>
#23 0x7f925ea9f7f2 start_thread

Button not found in this iframe, continuing to next iframe: Message: 
Stacktrace:
#0 0x55c69fe88c7a <unknown>
#1 0x55c69fb6be2c <unknown>
#2 0x55c69fbb8661 <unknown>
#3 0x55c69fbb8751 <unknown>
#4 0x55c69fbfcf64 <unknown>
#5 0x55c69fbdb5ed <unknown>
#6 0x55c69fbfa303 <unknown>
#7 0x55c69fbdb363 <unknown>
#8 0x55c69fbab247 <unknown>
#9 0x55c69fbabb9e <unknown>
#10 0x55c69fe4f24b <unknown>
#11 0x55c69fe532f1 <unknown>
#12 0x55c69fe3aafe <unknown>
#13 0x55c69fe53e52 <unknown>
#14 0x55c69fe1f79f <unknown>
#15 0x55c69fe78638 <unknown>
#16 0x55c69fe78810 <unknown>
#17 0x55c69fe87dac <unknown>
#18 0x7f45fd49f7f2 start_thread

Cookie consent has been accepted.
Data from 50 pages saved to 'finn_search_before2015.json'
Button not found in this iframe, continuing to next iframe: Message: 
Stacktrace:
#0 0x55951b96bc7a <unknown>
#1 0x55951b64ee2c <unknown>
#2 0x55951b69b661 <unknown>
#3 0x55951b69b751 <unknown>
#4 0x55951b6dff64 <unknown>
#5 0x55951b6be5ed <unknown>
#6 0x55951b6dd303 <unknown>
#7 0x55951b6be363 <unknown>
#8 0x55951b68e247 <unknown>
#9 0x55951b68eb9e <unknown>
#10 0x55951b93224b <unknown>
#11 0x55951b9362f1 <unknown>
#12 0x55951b91dafe <unknown>
#13 0x55951b936e52 <unknown>
#14 0x55951b90279f <unknown>
#15 0x55951b95b638 <unknown>
#16 0x55951b95b810 <unknown>
#17 0x55951b96adac <unknown>
#18 0x7f3c89e9f7f2 start_thread

Cookie consent has been accepted.
Data from 50 pages saved to 'finn_search_before2015.json'
Button not found in this iframe, continuing to next iframe: Message: 
Stacktrace:
#0 0x55c6db307c7a <unknown>
#1 0x55c6dafeae2c <unknown>
#2 0x55c6db037661 <unknown>
#3 0x55c6db037751 <unknown>
#4 0x55c6db07bf64 <unknown>
#5 0x55c6db05a5ed <unknown>
#6 0x55c6db079303 <unknown>
#7 0x55c6db05a363 <unknown>
#8 0x55c6db02a247 <unknown>
#9 0x55c6db02ab9e <unknown>
#10 0x55c6db2ce24b <unknown>
#11 0x55c6db2d22f1 <unknown>
#12 0x55c6db2b9afe <unknown>
#13 0x55c6db2d2e52 <unknown>
#14 0x55c6db29e79f <unknown>
#15 0x55c6db2f7638 <unknown>
#16 0x55c6db2f7810 <unknown>
#17 0x55c6db306dac <unknown>
#18 0x7f763fc9f7f2 start_thread

Cookie consent has been accepted.
Traceback (most recent call last):
  File "/home/ec2-user/autoflipp.online/flask-server/_OTHER_SEARCH.py", line 96, in <module>
    data = fetch_and_process_page(url)
  File "/home/ec2-user/autoflipp.online/flask-server/_OTHER_SEARCH.py", line 51, in fetch_and_process_page
    driver.get(url)
  File "/home/ec2-user/autoflipp.online/flask-server/venv/lib64/python3.9/site-packages/selenium/webdriver/remote/webdriver.py", line 356, in get
    self.execute(Command.GET, {"url": url})
  File "/home/ec2-user/autoflipp.online/flask-server/venv/lib64/python3.9/site-packages/selenium/webdriver/remote/webdriver.py", line 347, in execute
    self.error_handler.check_response(response)
  File "/home/ec2-user/autoflipp.online/flask-server/venv/lib64/python3.9/site-packages/selenium/webdriver/remote/errorhandler.py", line 229, in check_response
    raise exception_class(message, screen, stacktrace)
selenium.common.exceptions.TimeoutException: Message: timeout: Timed out receiving message from renderer: 299.711
  (Session info: chrome-headless-shell=126.0.6478.126)
Stacktrace:
#0 0x55c6db307c7a <unknown>
#1 0x55c6dafeae2c <unknown>
#2 0x55c6dafd21a6 <unknown>
#3 0x55c6dafd1d85 <unknown>
#4 0x55c6dafcfcc6 <unknown>
#5 0x55c6dafd033f <unknown>
#6 0x55c6dafe0c67 <unknown>
#7 0x55c6daff71be <unknown>
#8 0x55c6daffc8ab <unknown>
#9 0x55c6dafd0a8a <unknown>
#10 0x55c6daff703e <unknown>
#11 0x55c6db079679 <unknown>
#12 0x55c6db05a363 <unknown>
#13 0x55c6db02a247 <unknown>
#14 0x55c6db02ab9e <unknown>
#15 0x55c6db2ce24b <unknown>
#16 0x55c6db2d22f1 <unknown>
#17 0x55c6db2b9afe <unknown>
#18 0x55c6db2d2e52 <unknown>
#19 0x55c6db29e79f <unknown>
#20 0x55c6db2f7638 <unknown>
#21 0x55c6db2f7810 <unknown>
#22 0x55c6db306dac <unknown>
#23 0x7f763fc9f7f2 start_thread

Button not found in this iframe, continuing to next iframe: Message: 
Stacktrace:
#0 0x55f1e7d24c7a <unknown>
#1 0x55f1e7a07e2c <unknown>
#2 0x55f1e7a54661 <unknown>
#3 0x55f1e7a54751 <unknown>
#4 0x55f1e7a98f64 <unknown>
#5 0x55f1e7a775ed <unknown>
#6 0x55f1e7a96303 <unknown>
#7 0x55f1e7a77363 <unknown>
#8 0x55f1e7a47247 <unknown>
#9 0x55f1e7a47b9e <unknown>
#10 0x55f1e7ceb24b <unknown>
#11 0x55f1e7cef2f1 <unknown>
#12 0x55f1e7cd6afe <unknown>
#13 0x55f1e7cefe52 <unknown>
#14 0x55f1e7cbb79f <unknown>
#15 0x55f1e7d14638 <unknown>
#16 0x55f1e7d14810 <unknown>
#17 0x55f1e7d23dac <unknown>
#18 0x7f090b89f7f2 start_thread

Cookie consent has been accepted.
Data from 50 pages saved to 'finn_search_before2015.json'
Button not found in this iframe, continuing to next iframe: Message: 
Stacktrace:
#0 0x55943cb2cc7a <unknown>
#1 0x55943c80fe2c <unknown>
#2 0x55943c85c661 <unknown>
#3 0x55943c85c751 <unknown>
#4 0x55943c8a0f64 <unknown>
#5 0x55943c87f5ed <unknown>
#6 0x55943c89e303 <unknown>
#7 0x55943c87f363 <unknown>
#8 0x55943c84f247 <unknown>
#9 0x55943c84fb9e <unknown>
#10 0x55943caf324b <unknown>
#11 0x55943caf72f1 <unknown>
#12 0x55943cadeafe <unknown>
#13 0x55943caf7e52 <unknown>
#14 0x55943cac379f <unknown>
#15 0x55943cb1c638 <unknown>
#16 0x55943cb1c810 <unknown>
#17 0x55943cb2bdac <unknown>
#18 0x7f5278e9f7f2 start_thread

Cookie consent has been accepted.
Data from 50 pages saved to 'finn_search_before2015.json'
Button not found in this iframe, continuing to next iframe: Message: 
Stacktrace:
#0 0x55960f908c7a <unknown>
#1 0x55960f5ebe2c <unknown>
#2 0x55960f638661 <unknown>
#3 0x55960f638751 <unknown>
#4 0x55960f67cf64 <unknown>
#5 0x55960f65b5ed <unknown>
#6 0x55960f67a303 <unknown>
#7 0x55960f65b363 <unknown>
#8 0x55960f62b247 <unknown>
#9 0x55960f62bb9e <unknown>
#10 0x55960f8cf24b <unknown>
#11 0x55960f8d32f1 <unknown>
#12 0x55960f8baafe <unknown>
#13 0x55960f8d3e52 <unknown>
#14 0x55960f89f79f <unknown>
#15 0x55960f8f8638 <unknown>
#16 0x55960f8f8810 <unknown>
#17 0x55960f907dac <unknown>
#18 0x7f193a09f7f2 start_thread

Cookie consent has been accepted.
Data from 50 pages saved to 'finn_search_before2015.json'
